ARM GAS  C:\Users\GAOJIE~1\AppData\Local\Temp\cc1oiWdl.s 			page 1


   1              		.cpu cortex-m4
   2              		.arch armv7e-m
   3              		.fpu fpv4-sp-d16
   4              		.eabi_attribute 27, 1
   5              		.eabi_attribute 28, 1
   6              		.eabi_attribute 20, 1
   7              		.eabi_attribute 21, 1
   8              		.eabi_attribute 23, 3
   9              		.eabi_attribute 24, 1
  10              		.eabi_attribute 25, 1
  11              		.eabi_attribute 26, 1
  12              		.eabi_attribute 30, 1
  13              		.eabi_attribute 34, 1
  14              		.eabi_attribute 18, 4
  15              		.file	"tim.c"
  16              		.text
  17              	.Ltext0:
  18              		.cfi_sections	.debug_frame
  19              		.section	.text.MX_TIM3_Init,"ax",%progbits
  20              		.align	1
  21              		.global	MX_TIM3_Init
  22              		.syntax unified
  23              		.thumb
  24              		.thumb_func
  26              	MX_TIM3_Init:
  27              	.LFB135:
  28              		.file 1 "Core/Src/tim.c"
   1:Core/Src/tim.c **** /* USER CODE BEGIN Header */
   2:Core/Src/tim.c **** /**
   3:Core/Src/tim.c ****   ******************************************************************************
   4:Core/Src/tim.c ****   * @file    tim.c
   5:Core/Src/tim.c ****   * @brief   This file provides code for the configuration
   6:Core/Src/tim.c ****   *          of the TIM instances.
   7:Core/Src/tim.c ****   ******************************************************************************
   8:Core/Src/tim.c ****   * @attention
   9:Core/Src/tim.c ****   *
  10:Core/Src/tim.c ****   * Copyright (c) 2024 STMicroelectronics.
  11:Core/Src/tim.c ****   * All rights reserved.
  12:Core/Src/tim.c ****   *
  13:Core/Src/tim.c ****   * This software is licensed under terms that can be found in the LICENSE file
  14:Core/Src/tim.c ****   * in the root directory of this software component.
  15:Core/Src/tim.c ****   * If no LICENSE file comes with this software, it is provided AS-IS.
  16:Core/Src/tim.c ****   *
  17:Core/Src/tim.c ****   ******************************************************************************
  18:Core/Src/tim.c ****   */
  19:Core/Src/tim.c **** /* USER CODE END Header */
  20:Core/Src/tim.c **** /* Includes ------------------------------------------------------------------*/
  21:Core/Src/tim.c **** #include "tim.h"
  22:Core/Src/tim.c **** 
  23:Core/Src/tim.c **** /* USER CODE BEGIN 0 */
  24:Core/Src/tim.c **** 
  25:Core/Src/tim.c **** /* USER CODE END 0 */
  26:Core/Src/tim.c **** 
  27:Core/Src/tim.c **** TIM_HandleTypeDef htim2;
  28:Core/Src/tim.c **** TIM_HandleTypeDef htim3;
  29:Core/Src/tim.c **** TIM_HandleTypeDef htim4;
  30:Core/Src/tim.c **** 
ARM GAS  C:\Users\GAOJIE~1\AppData\Local\Temp\cc1oiWdl.s 			page 2


  31:Core/Src/tim.c **** /* TIM2 init function */
  32:Core/Src/tim.c **** void MX_TIM2_Init(void)
  33:Core/Src/tim.c **** {
  34:Core/Src/tim.c **** 
  35:Core/Src/tim.c ****   /* USER CODE BEGIN TIM2_Init 0 */
  36:Core/Src/tim.c **** 
  37:Core/Src/tim.c ****   /* USER CODE END TIM2_Init 0 */
  38:Core/Src/tim.c **** 
  39:Core/Src/tim.c ****   TIM_MasterConfigTypeDef sMasterConfig = {0};
  40:Core/Src/tim.c ****   TIM_OC_InitTypeDef sConfigOC = {0};
  41:Core/Src/tim.c **** 
  42:Core/Src/tim.c ****   /* USER CODE BEGIN TIM2_Init 1 */
  43:Core/Src/tim.c **** 
  44:Core/Src/tim.c ****   /* USER CODE END TIM2_Init 1 */
  45:Core/Src/tim.c ****   htim2.Instance = TIM2;
  46:Core/Src/tim.c ****   htim2.Init.Prescaler = 0;
  47:Core/Src/tim.c ****   htim2.Init.CounterMode = TIM_COUNTERMODE_UP;
  48:Core/Src/tim.c ****   htim2.Init.Period = 4294967295;
  49:Core/Src/tim.c ****   htim2.Init.ClockDivision = TIM_CLOCKDIVISION_DIV1;
  50:Core/Src/tim.c ****   htim2.Init.AutoReloadPreload = TIM_AUTORELOAD_PRELOAD_DISABLE;
  51:Core/Src/tim.c ****   if (HAL_TIM_PWM_Init(&htim2) != HAL_OK)
  52:Core/Src/tim.c ****   {
  53:Core/Src/tim.c ****     Error_Handler();
  54:Core/Src/tim.c ****   }
  55:Core/Src/tim.c ****   sMasterConfig.MasterOutputTrigger = TIM_TRGO_RESET;
  56:Core/Src/tim.c ****   sMasterConfig.MasterSlaveMode = TIM_MASTERSLAVEMODE_DISABLE;
  57:Core/Src/tim.c ****   if (HAL_TIMEx_MasterConfigSynchronization(&htim2, &sMasterConfig) != HAL_OK)
  58:Core/Src/tim.c ****   {
  59:Core/Src/tim.c ****     Error_Handler();
  60:Core/Src/tim.c ****   }
  61:Core/Src/tim.c ****   sConfigOC.OCMode = TIM_OCMODE_PWM1;
  62:Core/Src/tim.c ****   sConfigOC.Pulse = 0;
  63:Core/Src/tim.c ****   sConfigOC.OCPolarity = TIM_OCPOLARITY_HIGH;
  64:Core/Src/tim.c ****   sConfigOC.OCFastMode = TIM_OCFAST_DISABLE;
  65:Core/Src/tim.c ****   if (HAL_TIM_PWM_ConfigChannel(&htim2, &sConfigOC, TIM_CHANNEL_1) != HAL_OK)
  66:Core/Src/tim.c ****   {
  67:Core/Src/tim.c ****     Error_Handler();
  68:Core/Src/tim.c ****   }
  69:Core/Src/tim.c ****   if (HAL_TIM_PWM_ConfigChannel(&htim2, &sConfigOC, TIM_CHANNEL_2) != HAL_OK)
  70:Core/Src/tim.c ****   {
  71:Core/Src/tim.c ****     Error_Handler();
  72:Core/Src/tim.c ****   }
  73:Core/Src/tim.c ****   /* USER CODE BEGIN TIM2_Init 2 */
  74:Core/Src/tim.c **** 
  75:Core/Src/tim.c ****   /* USER CODE END TIM2_Init 2 */
  76:Core/Src/tim.c ****   HAL_TIM_MspPostInit(&htim2);
  77:Core/Src/tim.c **** 
  78:Core/Src/tim.c **** }
  79:Core/Src/tim.c **** /* TIM3 init function */
  80:Core/Src/tim.c **** void MX_TIM3_Init(void)
  81:Core/Src/tim.c **** {
  29              		.loc 1 81 1 view -0
  30              		.cfi_startproc
  31              		@ args = 0, pretend = 0, frame = 48
  32              		@ frame_needed = 0, uses_anonymous_args = 0
  33 0000 00B5     		push	{lr}
  34              	.LCFI0:
ARM GAS  C:\Users\GAOJIE~1\AppData\Local\Temp\cc1oiWdl.s 			page 3


  35              		.cfi_def_cfa_offset 4
  36              		.cfi_offset 14, -4
  37 0002 8DB0     		sub	sp, sp, #52
  38              	.LCFI1:
  39              		.cfi_def_cfa_offset 56
  82:Core/Src/tim.c **** 
  83:Core/Src/tim.c ****   /* USER CODE BEGIN TIM3_Init 0 */
  84:Core/Src/tim.c **** 
  85:Core/Src/tim.c ****   /* USER CODE END TIM3_Init 0 */
  86:Core/Src/tim.c **** 
  87:Core/Src/tim.c ****   TIM_Encoder_InitTypeDef sConfig = {0};
  40              		.loc 1 87 3 view .LVU1
  41              		.loc 1 87 27 is_stmt 0 view .LVU2
  42 0004 2422     		movs	r2, #36
  43 0006 0021     		movs	r1, #0
  44 0008 03A8     		add	r0, sp, #12
  45 000a FFF7FEFF 		bl	memset
  46              	.LVL0:
  88:Core/Src/tim.c ****   TIM_MasterConfigTypeDef sMasterConfig = {0};
  47              		.loc 1 88 3 is_stmt 1 view .LVU3
  48              		.loc 1 88 27 is_stmt 0 view .LVU4
  49 000e 0023     		movs	r3, #0
  50 0010 0193     		str	r3, [sp, #4]
  51 0012 0293     		str	r3, [sp, #8]
  89:Core/Src/tim.c **** 
  90:Core/Src/tim.c ****   /* USER CODE BEGIN TIM3_Init 1 */
  91:Core/Src/tim.c **** 
  92:Core/Src/tim.c ****   /* USER CODE END TIM3_Init 1 */
  93:Core/Src/tim.c ****   htim3.Instance = TIM3;
  52              		.loc 1 93 3 is_stmt 1 view .LVU5
  53              		.loc 1 93 18 is_stmt 0 view .LVU6
  54 0014 1148     		ldr	r0, .L7
  55 0016 124A     		ldr	r2, .L7+4
  56 0018 0260     		str	r2, [r0]
  94:Core/Src/tim.c ****   htim3.Init.Prescaler = 0;
  57              		.loc 1 94 3 is_stmt 1 view .LVU7
  58              		.loc 1 94 24 is_stmt 0 view .LVU8
  59 001a 4360     		str	r3, [r0, #4]
  95:Core/Src/tim.c ****   htim3.Init.CounterMode = TIM_COUNTERMODE_UP;
  60              		.loc 1 95 3 is_stmt 1 view .LVU9
  61              		.loc 1 95 26 is_stmt 0 view .LVU10
  62 001c 8360     		str	r3, [r0, #8]
  96:Core/Src/tim.c ****   htim3.Init.Period = 65535;
  63              		.loc 1 96 3 is_stmt 1 view .LVU11
  64              		.loc 1 96 21 is_stmt 0 view .LVU12
  65 001e 4FF6FF72 		movw	r2, #65535
  66 0022 C260     		str	r2, [r0, #12]
  97:Core/Src/tim.c ****   htim3.Init.ClockDivision = TIM_CLOCKDIVISION_DIV1;
  67              		.loc 1 97 3 is_stmt 1 view .LVU13
  68              		.loc 1 97 28 is_stmt 0 view .LVU14
  69 0024 0361     		str	r3, [r0, #16]
  98:Core/Src/tim.c ****   htim3.Init.AutoReloadPreload = TIM_AUTORELOAD_PRELOAD_DISABLE;
  70              		.loc 1 98 3 is_stmt 1 view .LVU15
  71              		.loc 1 98 32 is_stmt 0 view .LVU16
  72 0026 8361     		str	r3, [r0, #24]
  99:Core/Src/tim.c ****   sConfig.EncoderMode = TIM_ENCODERMODE_TI1;
  73              		.loc 1 99 3 is_stmt 1 view .LVU17
ARM GAS  C:\Users\GAOJIE~1\AppData\Local\Temp\cc1oiWdl.s 			page 4


  74              		.loc 1 99 23 is_stmt 0 view .LVU18
  75 0028 0123     		movs	r3, #1
  76 002a 0393     		str	r3, [sp, #12]
 100:Core/Src/tim.c ****   sConfig.IC1Polarity = TIM_ICPOLARITY_RISING;
  77              		.loc 1 100 3 is_stmt 1 view .LVU19
 101:Core/Src/tim.c ****   sConfig.IC1Selection = TIM_ICSELECTION_DIRECTTI;
  78              		.loc 1 101 3 view .LVU20
  79              		.loc 1 101 24 is_stmt 0 view .LVU21
  80 002c 0593     		str	r3, [sp, #20]
 102:Core/Src/tim.c ****   sConfig.IC1Prescaler = TIM_ICPSC_DIV1;
  81              		.loc 1 102 3 is_stmt 1 view .LVU22
 103:Core/Src/tim.c ****   sConfig.IC1Filter = 0;
  82              		.loc 1 103 3 view .LVU23
 104:Core/Src/tim.c ****   sConfig.IC2Polarity = TIM_ICPOLARITY_RISING;
  83              		.loc 1 104 3 view .LVU24
 105:Core/Src/tim.c ****   sConfig.IC2Selection = TIM_ICSELECTION_DIRECTTI;
  84              		.loc 1 105 3 view .LVU25
  85              		.loc 1 105 24 is_stmt 0 view .LVU26
  86 002e 0993     		str	r3, [sp, #36]
 106:Core/Src/tim.c ****   sConfig.IC2Prescaler = TIM_ICPSC_DIV1;
  87              		.loc 1 106 3 is_stmt 1 view .LVU27
 107:Core/Src/tim.c ****   sConfig.IC2Filter = 0;
  88              		.loc 1 107 3 view .LVU28
 108:Core/Src/tim.c ****   if (HAL_TIM_Encoder_Init(&htim3, &sConfig) != HAL_OK)
  89              		.loc 1 108 3 view .LVU29
  90              		.loc 1 108 7 is_stmt 0 view .LVU30
  91 0030 03A9     		add	r1, sp, #12
  92 0032 FFF7FEFF 		bl	HAL_TIM_Encoder_Init
  93              	.LVL1:
  94              		.loc 1 108 6 view .LVU31
  95 0036 50B9     		cbnz	r0, .L5
  96              	.L2:
 109:Core/Src/tim.c ****   {
 110:Core/Src/tim.c ****     Error_Handler();
 111:Core/Src/tim.c ****   }
 112:Core/Src/tim.c ****   sMasterConfig.MasterOutputTrigger = TIM_TRGO_RESET;
  97              		.loc 1 112 3 is_stmt 1 view .LVU32
  98              		.loc 1 112 37 is_stmt 0 view .LVU33
  99 0038 0023     		movs	r3, #0
 100 003a 0193     		str	r3, [sp, #4]
 113:Core/Src/tim.c ****   sMasterConfig.MasterSlaveMode = TIM_MASTERSLAVEMODE_DISABLE;
 101              		.loc 1 113 3 is_stmt 1 view .LVU34
 102              		.loc 1 113 33 is_stmt 0 view .LVU35
 103 003c 0293     		str	r3, [sp, #8]
 114:Core/Src/tim.c ****   if (HAL_TIMEx_MasterConfigSynchronization(&htim3, &sMasterConfig) != HAL_OK)
 104              		.loc 1 114 3 is_stmt 1 view .LVU36
 105              		.loc 1 114 7 is_stmt 0 view .LVU37
 106 003e 01A9     		add	r1, sp, #4
 107 0040 0648     		ldr	r0, .L7
 108 0042 FFF7FEFF 		bl	HAL_TIMEx_MasterConfigSynchronization
 109              	.LVL2:
 110              		.loc 1 114 6 view .LVU38
 111 0046 28B9     		cbnz	r0, .L6
 112              	.L1:
 115:Core/Src/tim.c ****   {
 116:Core/Src/tim.c ****     Error_Handler();
 117:Core/Src/tim.c ****   }
ARM GAS  C:\Users\GAOJIE~1\AppData\Local\Temp\cc1oiWdl.s 			page 5


 118:Core/Src/tim.c ****   /* USER CODE BEGIN TIM3_Init 2 */
 119:Core/Src/tim.c **** 
 120:Core/Src/tim.c ****   /* USER CODE END TIM3_Init 2 */
 121:Core/Src/tim.c **** 
 122:Core/Src/tim.c **** }
 113              		.loc 1 122 1 view .LVU39
 114 0048 0DB0     		add	sp, sp, #52
 115              	.LCFI2:
 116              		.cfi_remember_state
 117              		.cfi_def_cfa_offset 4
 118              		@ sp needed
 119 004a 5DF804FB 		ldr	pc, [sp], #4
 120              	.L5:
 121              	.LCFI3:
 122              		.cfi_restore_state
 110:Core/Src/tim.c ****   }
 123              		.loc 1 110 5 is_stmt 1 view .LVU40
 124 004e FFF7FEFF 		bl	Error_Handler
 125              	.LVL3:
 126 0052 F1E7     		b	.L2
 127              	.L6:
 116:Core/Src/tim.c ****   }
 128              		.loc 1 116 5 view .LVU41
 129 0054 FFF7FEFF 		bl	Error_Handler
 130              	.LVL4:
 131              		.loc 1 122 1 is_stmt 0 view .LVU42
 132 0058 F6E7     		b	.L1
 133              	.L8:
 134 005a 00BF     		.align	2
 135              	.L7:
 136 005c 00000000 		.word	.LANCHOR0
 137 0060 00040040 		.word	1073742848
 138              		.cfi_endproc
 139              	.LFE135:
 141              		.section	.text.MX_TIM4_Init,"ax",%progbits
 142              		.align	1
 143              		.global	MX_TIM4_Init
 144              		.syntax unified
 145              		.thumb
 146              		.thumb_func
 148              	MX_TIM4_Init:
 149              	.LFB136:
 123:Core/Src/tim.c **** /* TIM4 init function */
 124:Core/Src/tim.c **** void MX_TIM4_Init(void)
 125:Core/Src/tim.c **** {
 150              		.loc 1 125 1 is_stmt 1 view -0
 151              		.cfi_startproc
 152              		@ args = 0, pretend = 0, frame = 48
 153              		@ frame_needed = 0, uses_anonymous_args = 0
 154 0000 00B5     		push	{lr}
 155              	.LCFI4:
 156              		.cfi_def_cfa_offset 4
 157              		.cfi_offset 14, -4
 158 0002 8DB0     		sub	sp, sp, #52
 159              	.LCFI5:
 160              		.cfi_def_cfa_offset 56
 126:Core/Src/tim.c **** 
ARM GAS  C:\Users\GAOJIE~1\AppData\Local\Temp\cc1oiWdl.s 			page 6


 127:Core/Src/tim.c ****   /* USER CODE BEGIN TIM4_Init 0 */
 128:Core/Src/tim.c **** 
 129:Core/Src/tim.c ****   /* USER CODE END TIM4_Init 0 */
 130:Core/Src/tim.c **** 
 131:Core/Src/tim.c ****   TIM_Encoder_InitTypeDef sConfig = {0};
 161              		.loc 1 131 3 view .LVU44
 162              		.loc 1 131 27 is_stmt 0 view .LVU45
 163 0004 2422     		movs	r2, #36
 164 0006 0021     		movs	r1, #0
 165 0008 03A8     		add	r0, sp, #12
 166 000a FFF7FEFF 		bl	memset
 167              	.LVL5:
 132:Core/Src/tim.c ****   TIM_MasterConfigTypeDef sMasterConfig = {0};
 168              		.loc 1 132 3 is_stmt 1 view .LVU46
 169              		.loc 1 132 27 is_stmt 0 view .LVU47
 170 000e 0023     		movs	r3, #0
 171 0010 0193     		str	r3, [sp, #4]
 172 0012 0293     		str	r3, [sp, #8]
 133:Core/Src/tim.c **** 
 134:Core/Src/tim.c ****   /* USER CODE BEGIN TIM4_Init 1 */
 135:Core/Src/tim.c **** 
 136:Core/Src/tim.c ****   /* USER CODE END TIM4_Init 1 */
 137:Core/Src/tim.c ****   htim4.Instance = TIM4;
 173              		.loc 1 137 3 is_stmt 1 view .LVU48
 174              		.loc 1 137 18 is_stmt 0 view .LVU49
 175 0014 1148     		ldr	r0, .L15
 176 0016 124A     		ldr	r2, .L15+4
 177 0018 0260     		str	r2, [r0]
 138:Core/Src/tim.c ****   htim4.Init.Prescaler = 0;
 178              		.loc 1 138 3 is_stmt 1 view .LVU50
 179              		.loc 1 138 24 is_stmt 0 view .LVU51
 180 001a 4360     		str	r3, [r0, #4]
 139:Core/Src/tim.c ****   htim4.Init.CounterMode = TIM_COUNTERMODE_UP;
 181              		.loc 1 139 3 is_stmt 1 view .LVU52
 182              		.loc 1 139 26 is_stmt 0 view .LVU53
 183 001c 8360     		str	r3, [r0, #8]
 140:Core/Src/tim.c ****   htim4.Init.Period = 65535;
 184              		.loc 1 140 3 is_stmt 1 view .LVU54
 185              		.loc 1 140 21 is_stmt 0 view .LVU55
 186 001e 4FF6FF72 		movw	r2, #65535
 187 0022 C260     		str	r2, [r0, #12]
 141:Core/Src/tim.c ****   htim4.Init.ClockDivision = TIM_CLOCKDIVISION_DIV1;
 188              		.loc 1 141 3 is_stmt 1 view .LVU56
 189              		.loc 1 141 28 is_stmt 0 view .LVU57
 190 0024 0361     		str	r3, [r0, #16]
 142:Core/Src/tim.c ****   htim4.Init.AutoReloadPreload = TIM_AUTORELOAD_PRELOAD_DISABLE;
 191              		.loc 1 142 3 is_stmt 1 view .LVU58
 192              		.loc 1 142 32 is_stmt 0 view .LVU59
 193 0026 8361     		str	r3, [r0, #24]
 143:Core/Src/tim.c ****   sConfig.EncoderMode = TIM_ENCODERMODE_TI1;
 194              		.loc 1 143 3 is_stmt 1 view .LVU60
 195              		.loc 1 143 23 is_stmt 0 view .LVU61
 196 0028 0123     		movs	r3, #1
 197 002a 0393     		str	r3, [sp, #12]
 144:Core/Src/tim.c ****   sConfig.IC1Polarity = TIM_ICPOLARITY_RISING;
 198              		.loc 1 144 3 is_stmt 1 view .LVU62
 145:Core/Src/tim.c ****   sConfig.IC1Selection = TIM_ICSELECTION_DIRECTTI;
ARM GAS  C:\Users\GAOJIE~1\AppData\Local\Temp\cc1oiWdl.s 			page 7


 199              		.loc 1 145 3 view .LVU63
 200              		.loc 1 145 24 is_stmt 0 view .LVU64
 201 002c 0593     		str	r3, [sp, #20]
 146:Core/Src/tim.c ****   sConfig.IC1Prescaler = TIM_ICPSC_DIV1;
 202              		.loc 1 146 3 is_stmt 1 view .LVU65
 147:Core/Src/tim.c ****   sConfig.IC1Filter = 0;
 203              		.loc 1 147 3 view .LVU66
 148:Core/Src/tim.c ****   sConfig.IC2Polarity = TIM_ICPOLARITY_RISING;
 204              		.loc 1 148 3 view .LVU67
 149:Core/Src/tim.c ****   sConfig.IC2Selection = TIM_ICSELECTION_DIRECTTI;
 205              		.loc 1 149 3 view .LVU68
 206              		.loc 1 149 24 is_stmt 0 view .LVU69
 207 002e 0993     		str	r3, [sp, #36]
 150:Core/Src/tim.c ****   sConfig.IC2Prescaler = TIM_ICPSC_DIV1;
 208              		.loc 1 150 3 is_stmt 1 view .LVU70
 151:Core/Src/tim.c ****   sConfig.IC2Filter = 0;
 209              		.loc 1 151 3 view .LVU71
 152:Core/Src/tim.c ****   if (HAL_TIM_Encoder_Init(&htim4, &sConfig) != HAL_OK)
 210              		.loc 1 152 3 view .LVU72
 211              		.loc 1 152 7 is_stmt 0 view .LVU73
 212 0030 03A9     		add	r1, sp, #12
 213 0032 FFF7FEFF 		bl	HAL_TIM_Encoder_Init
 214              	.LVL6:
 215              		.loc 1 152 6 view .LVU74
 216 0036 50B9     		cbnz	r0, .L13
 217              	.L10:
 153:Core/Src/tim.c ****   {
 154:Core/Src/tim.c ****     Error_Handler();
 155:Core/Src/tim.c ****   }
 156:Core/Src/tim.c ****   sMasterConfig.MasterOutputTrigger = TIM_TRGO_RESET;
 218              		.loc 1 156 3 is_stmt 1 view .LVU75
 219              		.loc 1 156 37 is_stmt 0 view .LVU76
 220 0038 0023     		movs	r3, #0
 221 003a 0193     		str	r3, [sp, #4]
 157:Core/Src/tim.c ****   sMasterConfig.MasterSlaveMode = TIM_MASTERSLAVEMODE_DISABLE;
 222              		.loc 1 157 3 is_stmt 1 view .LVU77
 223              		.loc 1 157 33 is_stmt 0 view .LVU78
 224 003c 0293     		str	r3, [sp, #8]
 158:Core/Src/tim.c ****   if (HAL_TIMEx_MasterConfigSynchronization(&htim4, &sMasterConfig) != HAL_OK)
 225              		.loc 1 158 3 is_stmt 1 view .LVU79
 226              		.loc 1 158 7 is_stmt 0 view .LVU80
 227 003e 01A9     		add	r1, sp, #4
 228 0040 0648     		ldr	r0, .L15
 229 0042 FFF7FEFF 		bl	HAL_TIMEx_MasterConfigSynchronization
 230              	.LVL7:
 231              		.loc 1 158 6 view .LVU81
 232 0046 28B9     		cbnz	r0, .L14
 233              	.L9:
 159:Core/Src/tim.c ****   {
 160:Core/Src/tim.c ****     Error_Handler();
 161:Core/Src/tim.c ****   }
 162:Core/Src/tim.c ****   /* USER CODE BEGIN TIM4_Init 2 */
 163:Core/Src/tim.c **** 
 164:Core/Src/tim.c ****   /* USER CODE END TIM4_Init 2 */
 165:Core/Src/tim.c **** 
 166:Core/Src/tim.c **** }
 234              		.loc 1 166 1 view .LVU82
ARM GAS  C:\Users\GAOJIE~1\AppData\Local\Temp\cc1oiWdl.s 			page 8


 235 0048 0DB0     		add	sp, sp, #52
 236              	.LCFI6:
 237              		.cfi_remember_state
 238              		.cfi_def_cfa_offset 4
 239              		@ sp needed
 240 004a 5DF804FB 		ldr	pc, [sp], #4
 241              	.L13:
 242              	.LCFI7:
 243              		.cfi_restore_state
 154:Core/Src/tim.c ****   }
 244              		.loc 1 154 5 is_stmt 1 view .LVU83
 245 004e FFF7FEFF 		bl	Error_Handler
 246              	.LVL8:
 247 0052 F1E7     		b	.L10
 248              	.L14:
 160:Core/Src/tim.c ****   }
 249              		.loc 1 160 5 view .LVU84
 250 0054 FFF7FEFF 		bl	Error_Handler
 251              	.LVL9:
 252              		.loc 1 166 1 is_stmt 0 view .LVU85
 253 0058 F6E7     		b	.L9
 254              	.L16:
 255 005a 00BF     		.align	2
 256              	.L15:
 257 005c 00000000 		.word	.LANCHOR1
 258 0060 00080040 		.word	1073743872
 259              		.cfi_endproc
 260              	.LFE136:
 262              		.section	.text.HAL_TIM_PWM_MspInit,"ax",%progbits
 263              		.align	1
 264              		.global	HAL_TIM_PWM_MspInit
 265              		.syntax unified
 266              		.thumb
 267              		.thumb_func
 269              	HAL_TIM_PWM_MspInit:
 270              	.LVL10:
 271              	.LFB137:
 167:Core/Src/tim.c **** 
 168:Core/Src/tim.c **** void HAL_TIM_PWM_MspInit(TIM_HandleTypeDef* tim_pwmHandle)
 169:Core/Src/tim.c **** {
 272              		.loc 1 169 1 is_stmt 1 view -0
 273              		.cfi_startproc
 274              		@ args = 0, pretend = 0, frame = 8
 275              		@ frame_needed = 0, uses_anonymous_args = 0
 276              		@ link register save eliminated.
 170:Core/Src/tim.c **** 
 171:Core/Src/tim.c ****   if(tim_pwmHandle->Instance==TIM2)
 277              		.loc 1 171 3 view .LVU87
 278              		.loc 1 171 19 is_stmt 0 view .LVU88
 279 0000 0368     		ldr	r3, [r0]
 280              		.loc 1 171 5 view .LVU89
 281 0002 B3F1804F 		cmp	r3, #1073741824
 282 0006 00D0     		beq	.L23
 283 0008 7047     		bx	lr
 284              	.L23:
 169:Core/Src/tim.c **** 
 285              		.loc 1 169 1 view .LVU90
ARM GAS  C:\Users\GAOJIE~1\AppData\Local\Temp\cc1oiWdl.s 			page 9


 286 000a 82B0     		sub	sp, sp, #8
 287              	.LCFI8:
 288              		.cfi_def_cfa_offset 8
 172:Core/Src/tim.c ****   {
 173:Core/Src/tim.c ****   /* USER CODE BEGIN TIM2_MspInit 0 */
 174:Core/Src/tim.c **** 
 175:Core/Src/tim.c ****   /* USER CODE END TIM2_MspInit 0 */
 176:Core/Src/tim.c ****     /* TIM2 clock enable */
 177:Core/Src/tim.c ****     __HAL_RCC_TIM2_CLK_ENABLE();
 289              		.loc 1 177 5 is_stmt 1 view .LVU91
 290              	.LBB2:
 291              		.loc 1 177 5 view .LVU92
 292 000c 0023     		movs	r3, #0
 293 000e 0193     		str	r3, [sp, #4]
 294              		.loc 1 177 5 view .LVU93
 295 0010 054B     		ldr	r3, .L24
 296 0012 1A6C     		ldr	r2, [r3, #64]
 297 0014 42F00102 		orr	r2, r2, #1
 298 0018 1A64     		str	r2, [r3, #64]
 299              		.loc 1 177 5 view .LVU94
 300 001a 1B6C     		ldr	r3, [r3, #64]
 301 001c 03F00103 		and	r3, r3, #1
 302 0020 0193     		str	r3, [sp, #4]
 303              		.loc 1 177 5 view .LVU95
 304 0022 019B     		ldr	r3, [sp, #4]
 305              	.LBE2:
 306              		.loc 1 177 5 view .LVU96
 178:Core/Src/tim.c ****   /* USER CODE BEGIN TIM2_MspInit 1 */
 179:Core/Src/tim.c **** 
 180:Core/Src/tim.c ****   /* USER CODE END TIM2_MspInit 1 */
 181:Core/Src/tim.c ****   }
 182:Core/Src/tim.c **** }
 307              		.loc 1 182 1 is_stmt 0 view .LVU97
 308 0024 02B0     		add	sp, sp, #8
 309              	.LCFI9:
 310              		.cfi_def_cfa_offset 0
 311              		@ sp needed
 312 0026 7047     		bx	lr
 313              	.L25:
 314              		.align	2
 315              	.L24:
 316 0028 00380240 		.word	1073887232
 317              		.cfi_endproc
 318              	.LFE137:
 320              		.section	.text.HAL_TIM_Encoder_MspInit,"ax",%progbits
 321              		.align	1
 322              		.global	HAL_TIM_Encoder_MspInit
 323              		.syntax unified
 324              		.thumb
 325              		.thumb_func
 327              	HAL_TIM_Encoder_MspInit:
 328              	.LVL11:
 329              	.LFB138:
 183:Core/Src/tim.c **** 
 184:Core/Src/tim.c **** void HAL_TIM_Encoder_MspInit(TIM_HandleTypeDef* tim_encoderHandle)
 185:Core/Src/tim.c **** {
 330              		.loc 1 185 1 is_stmt 1 view -0
ARM GAS  C:\Users\GAOJIE~1\AppData\Local\Temp\cc1oiWdl.s 			page 10


 331              		.cfi_startproc
 332              		@ args = 0, pretend = 0, frame = 40
 333              		@ frame_needed = 0, uses_anonymous_args = 0
 334              		.loc 1 185 1 is_stmt 0 view .LVU99
 335 0000 00B5     		push	{lr}
 336              	.LCFI10:
 337              		.cfi_def_cfa_offset 4
 338              		.cfi_offset 14, -4
 339 0002 8BB0     		sub	sp, sp, #44
 340              	.LCFI11:
 341              		.cfi_def_cfa_offset 48
 186:Core/Src/tim.c **** 
 187:Core/Src/tim.c ****   GPIO_InitTypeDef GPIO_InitStruct = {0};
 342              		.loc 1 187 3 is_stmt 1 view .LVU100
 343              		.loc 1 187 20 is_stmt 0 view .LVU101
 344 0004 0023     		movs	r3, #0
 345 0006 0593     		str	r3, [sp, #20]
 346 0008 0693     		str	r3, [sp, #24]
 347 000a 0793     		str	r3, [sp, #28]
 348 000c 0893     		str	r3, [sp, #32]
 349 000e 0993     		str	r3, [sp, #36]
 188:Core/Src/tim.c ****   if(tim_encoderHandle->Instance==TIM3)
 350              		.loc 1 188 3 is_stmt 1 view .LVU102
 351              		.loc 1 188 23 is_stmt 0 view .LVU103
 352 0010 0368     		ldr	r3, [r0]
 353              		.loc 1 188 5 view .LVU104
 354 0012 244A     		ldr	r2, .L32
 355 0014 9342     		cmp	r3, r2
 356 0016 05D0     		beq	.L30
 189:Core/Src/tim.c ****   {
 190:Core/Src/tim.c ****   /* USER CODE BEGIN TIM3_MspInit 0 */
 191:Core/Src/tim.c **** 
 192:Core/Src/tim.c ****   /* USER CODE END TIM3_MspInit 0 */
 193:Core/Src/tim.c ****     /* TIM3 clock enable */
 194:Core/Src/tim.c ****     __HAL_RCC_TIM3_CLK_ENABLE();
 195:Core/Src/tim.c **** 
 196:Core/Src/tim.c ****     __HAL_RCC_GPIOB_CLK_ENABLE();
 197:Core/Src/tim.c ****     /**TIM3 GPIO Configuration
 198:Core/Src/tim.c ****     PB4     ------> TIM3_CH1
 199:Core/Src/tim.c ****     PB5     ------> TIM3_CH2
 200:Core/Src/tim.c ****     */
 201:Core/Src/tim.c ****     GPIO_InitStruct.Pin = A1_Pin|B1_Pin;
 202:Core/Src/tim.c ****     GPIO_InitStruct.Mode = GPIO_MODE_AF_PP;
 203:Core/Src/tim.c ****     GPIO_InitStruct.Pull = GPIO_NOPULL;
 204:Core/Src/tim.c ****     GPIO_InitStruct.Speed = GPIO_SPEED_FREQ_LOW;
 205:Core/Src/tim.c ****     GPIO_InitStruct.Alternate = GPIO_AF2_TIM3;
 206:Core/Src/tim.c ****     HAL_GPIO_Init(GPIOB, &GPIO_InitStruct);
 207:Core/Src/tim.c **** 
 208:Core/Src/tim.c ****   /* USER CODE BEGIN TIM3_MspInit 1 */
 209:Core/Src/tim.c **** 
 210:Core/Src/tim.c ****   /* USER CODE END TIM3_MspInit 1 */
 211:Core/Src/tim.c ****   }
 212:Core/Src/tim.c ****   else if(tim_encoderHandle->Instance==TIM4)
 357              		.loc 1 212 8 is_stmt 1 view .LVU105
 358              		.loc 1 212 10 is_stmt 0 view .LVU106
 359 0018 234A     		ldr	r2, .L32+4
 360 001a 9342     		cmp	r3, r2
ARM GAS  C:\Users\GAOJIE~1\AppData\Local\Temp\cc1oiWdl.s 			page 11


 361 001c 22D0     		beq	.L31
 362              	.LVL12:
 363              	.L26:
 213:Core/Src/tim.c ****   {
 214:Core/Src/tim.c ****   /* USER CODE BEGIN TIM4_MspInit 0 */
 215:Core/Src/tim.c **** 
 216:Core/Src/tim.c ****   /* USER CODE END TIM4_MspInit 0 */
 217:Core/Src/tim.c ****     /* TIM4 clock enable */
 218:Core/Src/tim.c ****     __HAL_RCC_TIM4_CLK_ENABLE();
 219:Core/Src/tim.c **** 
 220:Core/Src/tim.c ****     __HAL_RCC_GPIOB_CLK_ENABLE();
 221:Core/Src/tim.c ****     /**TIM4 GPIO Configuration
 222:Core/Src/tim.c ****     PB6     ------> TIM4_CH1
 223:Core/Src/tim.c ****     PB7     ------> TIM4_CH2
 224:Core/Src/tim.c ****     */
 225:Core/Src/tim.c ****     GPIO_InitStruct.Pin = A2_Pin|B2_Pin;
 226:Core/Src/tim.c ****     GPIO_InitStruct.Mode = GPIO_MODE_AF_PP;
 227:Core/Src/tim.c ****     GPIO_InitStruct.Pull = GPIO_NOPULL;
 228:Core/Src/tim.c ****     GPIO_InitStruct.Speed = GPIO_SPEED_FREQ_LOW;
 229:Core/Src/tim.c ****     GPIO_InitStruct.Alternate = GPIO_AF2_TIM4;
 230:Core/Src/tim.c ****     HAL_GPIO_Init(GPIOB, &GPIO_InitStruct);
 231:Core/Src/tim.c **** 
 232:Core/Src/tim.c ****   /* USER CODE BEGIN TIM4_MspInit 1 */
 233:Core/Src/tim.c **** 
 234:Core/Src/tim.c ****   /* USER CODE END TIM4_MspInit 1 */
 235:Core/Src/tim.c ****   }
 236:Core/Src/tim.c **** }
 364              		.loc 1 236 1 view .LVU107
 365 001e 0BB0     		add	sp, sp, #44
 366              	.LCFI12:
 367              		.cfi_remember_state
 368              		.cfi_def_cfa_offset 4
 369              		@ sp needed
 370 0020 5DF804FB 		ldr	pc, [sp], #4
 371              	.LVL13:
 372              	.L30:
 373              	.LCFI13:
 374              		.cfi_restore_state
 194:Core/Src/tim.c **** 
 375              		.loc 1 194 5 is_stmt 1 view .LVU108
 376              	.LBB3:
 194:Core/Src/tim.c **** 
 377              		.loc 1 194 5 view .LVU109
 378 0024 0021     		movs	r1, #0
 379 0026 0191     		str	r1, [sp, #4]
 194:Core/Src/tim.c **** 
 380              		.loc 1 194 5 view .LVU110
 381 0028 204B     		ldr	r3, .L32+8
 382 002a 1A6C     		ldr	r2, [r3, #64]
 383 002c 42F00202 		orr	r2, r2, #2
 384 0030 1A64     		str	r2, [r3, #64]
 194:Core/Src/tim.c **** 
 385              		.loc 1 194 5 view .LVU111
 386 0032 1A6C     		ldr	r2, [r3, #64]
 387 0034 02F00202 		and	r2, r2, #2
 388 0038 0192     		str	r2, [sp, #4]
 194:Core/Src/tim.c **** 
ARM GAS  C:\Users\GAOJIE~1\AppData\Local\Temp\cc1oiWdl.s 			page 12


 389              		.loc 1 194 5 view .LVU112
 390 003a 019A     		ldr	r2, [sp, #4]
 391              	.LBE3:
 194:Core/Src/tim.c **** 
 392              		.loc 1 194 5 view .LVU113
 196:Core/Src/tim.c ****     /**TIM3 GPIO Configuration
 393              		.loc 1 196 5 view .LVU114
 394              	.LBB4:
 196:Core/Src/tim.c ****     /**TIM3 GPIO Configuration
 395              		.loc 1 196 5 view .LVU115
 396 003c 0291     		str	r1, [sp, #8]
 196:Core/Src/tim.c ****     /**TIM3 GPIO Configuration
 397              		.loc 1 196 5 view .LVU116
 398 003e 1A6B     		ldr	r2, [r3, #48]
 399 0040 42F00202 		orr	r2, r2, #2
 400 0044 1A63     		str	r2, [r3, #48]
 196:Core/Src/tim.c ****     /**TIM3 GPIO Configuration
 401              		.loc 1 196 5 view .LVU117
 402 0046 1B6B     		ldr	r3, [r3, #48]
 403 0048 03F00203 		and	r3, r3, #2
 404 004c 0293     		str	r3, [sp, #8]
 196:Core/Src/tim.c ****     /**TIM3 GPIO Configuration
 405              		.loc 1 196 5 view .LVU118
 406 004e 029B     		ldr	r3, [sp, #8]
 407              	.LBE4:
 196:Core/Src/tim.c ****     /**TIM3 GPIO Configuration
 408              		.loc 1 196 5 view .LVU119
 201:Core/Src/tim.c ****     GPIO_InitStruct.Mode = GPIO_MODE_AF_PP;
 409              		.loc 1 201 5 view .LVU120
 201:Core/Src/tim.c ****     GPIO_InitStruct.Mode = GPIO_MODE_AF_PP;
 410              		.loc 1 201 25 is_stmt 0 view .LVU121
 411 0050 3023     		movs	r3, #48
 412 0052 0593     		str	r3, [sp, #20]
 202:Core/Src/tim.c ****     GPIO_InitStruct.Pull = GPIO_NOPULL;
 413              		.loc 1 202 5 is_stmt 1 view .LVU122
 202:Core/Src/tim.c ****     GPIO_InitStruct.Pull = GPIO_NOPULL;
 414              		.loc 1 202 26 is_stmt 0 view .LVU123
 415 0054 0223     		movs	r3, #2
 416 0056 0693     		str	r3, [sp, #24]
 203:Core/Src/tim.c ****     GPIO_InitStruct.Speed = GPIO_SPEED_FREQ_LOW;
 417              		.loc 1 203 5 is_stmt 1 view .LVU124
 204:Core/Src/tim.c ****     GPIO_InitStruct.Alternate = GPIO_AF2_TIM3;
 418              		.loc 1 204 5 view .LVU125
 205:Core/Src/tim.c ****     HAL_GPIO_Init(GPIOB, &GPIO_InitStruct);
 419              		.loc 1 205 5 view .LVU126
 205:Core/Src/tim.c ****     HAL_GPIO_Init(GPIOB, &GPIO_InitStruct);
 420              		.loc 1 205 31 is_stmt 0 view .LVU127
 421 0058 0993     		str	r3, [sp, #36]
 206:Core/Src/tim.c **** 
 422              		.loc 1 206 5 is_stmt 1 view .LVU128
 423 005a 05A9     		add	r1, sp, #20
 424 005c 1448     		ldr	r0, .L32+12
 425              	.LVL14:
 206:Core/Src/tim.c **** 
 426              		.loc 1 206 5 is_stmt 0 view .LVU129
 427 005e FFF7FEFF 		bl	HAL_GPIO_Init
 428              	.LVL15:
ARM GAS  C:\Users\GAOJIE~1\AppData\Local\Temp\cc1oiWdl.s 			page 13


 429 0062 DCE7     		b	.L26
 430              	.LVL16:
 431              	.L31:
 218:Core/Src/tim.c **** 
 432              		.loc 1 218 5 is_stmt 1 view .LVU130
 433              	.LBB5:
 218:Core/Src/tim.c **** 
 434              		.loc 1 218 5 view .LVU131
 435 0064 0021     		movs	r1, #0
 436 0066 0391     		str	r1, [sp, #12]
 218:Core/Src/tim.c **** 
 437              		.loc 1 218 5 view .LVU132
 438 0068 104B     		ldr	r3, .L32+8
 439 006a 1A6C     		ldr	r2, [r3, #64]
 440 006c 42F00402 		orr	r2, r2, #4
 441 0070 1A64     		str	r2, [r3, #64]
 218:Core/Src/tim.c **** 
 442              		.loc 1 218 5 view .LVU133
 443 0072 1A6C     		ldr	r2, [r3, #64]
 444 0074 02F00402 		and	r2, r2, #4
 445 0078 0392     		str	r2, [sp, #12]
 218:Core/Src/tim.c **** 
 446              		.loc 1 218 5 view .LVU134
 447 007a 039A     		ldr	r2, [sp, #12]
 448              	.LBE5:
 218:Core/Src/tim.c **** 
 449              		.loc 1 218 5 view .LVU135
 220:Core/Src/tim.c ****     /**TIM4 GPIO Configuration
 450              		.loc 1 220 5 view .LVU136
 451              	.LBB6:
 220:Core/Src/tim.c ****     /**TIM4 GPIO Configuration
 452              		.loc 1 220 5 view .LVU137
 453 007c 0491     		str	r1, [sp, #16]
 220:Core/Src/tim.c ****     /**TIM4 GPIO Configuration
 454              		.loc 1 220 5 view .LVU138
 455 007e 1A6B     		ldr	r2, [r3, #48]
 456 0080 42F00202 		orr	r2, r2, #2
 457 0084 1A63     		str	r2, [r3, #48]
 220:Core/Src/tim.c ****     /**TIM4 GPIO Configuration
 458              		.loc 1 220 5 view .LVU139
 459 0086 1B6B     		ldr	r3, [r3, #48]
 460 0088 03F00203 		and	r3, r3, #2
 461 008c 0493     		str	r3, [sp, #16]
 220:Core/Src/tim.c ****     /**TIM4 GPIO Configuration
 462              		.loc 1 220 5 view .LVU140
 463 008e 049B     		ldr	r3, [sp, #16]
 464              	.LBE6:
 220:Core/Src/tim.c ****     /**TIM4 GPIO Configuration
 465              		.loc 1 220 5 view .LVU141
 225:Core/Src/tim.c ****     GPIO_InitStruct.Mode = GPIO_MODE_AF_PP;
 466              		.loc 1 225 5 view .LVU142
 225:Core/Src/tim.c ****     GPIO_InitStruct.Mode = GPIO_MODE_AF_PP;
 467              		.loc 1 225 25 is_stmt 0 view .LVU143
 468 0090 C023     		movs	r3, #192
 469 0092 0593     		str	r3, [sp, #20]
 226:Core/Src/tim.c ****     GPIO_InitStruct.Pull = GPIO_NOPULL;
 470              		.loc 1 226 5 is_stmt 1 view .LVU144
ARM GAS  C:\Users\GAOJIE~1\AppData\Local\Temp\cc1oiWdl.s 			page 14


 226:Core/Src/tim.c ****     GPIO_InitStruct.Pull = GPIO_NOPULL;
 471              		.loc 1 226 26 is_stmt 0 view .LVU145
 472 0094 0223     		movs	r3, #2
 473 0096 0693     		str	r3, [sp, #24]
 227:Core/Src/tim.c ****     GPIO_InitStruct.Speed = GPIO_SPEED_FREQ_LOW;
 474              		.loc 1 227 5 is_stmt 1 view .LVU146
 228:Core/Src/tim.c ****     GPIO_InitStruct.Alternate = GPIO_AF2_TIM4;
 475              		.loc 1 228 5 view .LVU147
 229:Core/Src/tim.c ****     HAL_GPIO_Init(GPIOB, &GPIO_InitStruct);
 476              		.loc 1 229 5 view .LVU148
 229:Core/Src/tim.c ****     HAL_GPIO_Init(GPIOB, &GPIO_InitStruct);
 477              		.loc 1 229 31 is_stmt 0 view .LVU149
 478 0098 0993     		str	r3, [sp, #36]
 230:Core/Src/tim.c **** 
 479              		.loc 1 230 5 is_stmt 1 view .LVU150
 480 009a 05A9     		add	r1, sp, #20
 481 009c 0448     		ldr	r0, .L32+12
 482              	.LVL17:
 230:Core/Src/tim.c **** 
 483              		.loc 1 230 5 is_stmt 0 view .LVU151
 484 009e FFF7FEFF 		bl	HAL_GPIO_Init
 485              	.LVL18:
 486              		.loc 1 236 1 view .LVU152
 487 00a2 BCE7     		b	.L26
 488              	.L33:
 489              		.align	2
 490              	.L32:
 491 00a4 00040040 		.word	1073742848
 492 00a8 00080040 		.word	1073743872
 493 00ac 00380240 		.word	1073887232
 494 00b0 00040240 		.word	1073873920
 495              		.cfi_endproc
 496              	.LFE138:
 498              		.section	.text.HAL_TIM_MspPostInit,"ax",%progbits
 499              		.align	1
 500              		.global	HAL_TIM_MspPostInit
 501              		.syntax unified
 502              		.thumb
 503              		.thumb_func
 505              	HAL_TIM_MspPostInit:
 506              	.LVL19:
 507              	.LFB139:
 237:Core/Src/tim.c **** void HAL_TIM_MspPostInit(TIM_HandleTypeDef* timHandle)
 238:Core/Src/tim.c **** {
 508              		.loc 1 238 1 is_stmt 1 view -0
 509              		.cfi_startproc
 510              		@ args = 0, pretend = 0, frame = 32
 511              		@ frame_needed = 0, uses_anonymous_args = 0
 512              		.loc 1 238 1 is_stmt 0 view .LVU154
 513 0000 70B5     		push	{r4, r5, r6, lr}
 514              	.LCFI14:
 515              		.cfi_def_cfa_offset 16
 516              		.cfi_offset 4, -16
 517              		.cfi_offset 5, -12
 518              		.cfi_offset 6, -8
 519              		.cfi_offset 14, -4
 520 0002 88B0     		sub	sp, sp, #32
ARM GAS  C:\Users\GAOJIE~1\AppData\Local\Temp\cc1oiWdl.s 			page 15


 521              	.LCFI15:
 522              		.cfi_def_cfa_offset 48
 239:Core/Src/tim.c **** 
 240:Core/Src/tim.c ****   GPIO_InitTypeDef GPIO_InitStruct = {0};
 523              		.loc 1 240 3 is_stmt 1 view .LVU155
 524              		.loc 1 240 20 is_stmt 0 view .LVU156
 525 0004 0023     		movs	r3, #0
 526 0006 0393     		str	r3, [sp, #12]
 527 0008 0493     		str	r3, [sp, #16]
 528 000a 0593     		str	r3, [sp, #20]
 529 000c 0693     		str	r3, [sp, #24]
 530 000e 0793     		str	r3, [sp, #28]
 241:Core/Src/tim.c ****   if(timHandle->Instance==TIM2)
 531              		.loc 1 241 3 is_stmt 1 view .LVU157
 532              		.loc 1 241 15 is_stmt 0 view .LVU158
 533 0010 0368     		ldr	r3, [r0]
 534              		.loc 1 241 5 view .LVU159
 535 0012 B3F1804F 		cmp	r3, #1073741824
 536 0016 01D0     		beq	.L37
 537              	.LVL20:
 538              	.L34:
 242:Core/Src/tim.c ****   {
 243:Core/Src/tim.c ****   /* USER CODE BEGIN TIM2_MspPostInit 0 */
 244:Core/Src/tim.c **** 
 245:Core/Src/tim.c ****   /* USER CODE END TIM2_MspPostInit 0 */
 246:Core/Src/tim.c **** 
 247:Core/Src/tim.c ****     __HAL_RCC_GPIOA_CLK_ENABLE();
 248:Core/Src/tim.c ****     __HAL_RCC_GPIOB_CLK_ENABLE();
 249:Core/Src/tim.c ****     /**TIM2 GPIO Configuration
 250:Core/Src/tim.c ****     PA15     ------> TIM2_CH1
 251:Core/Src/tim.c ****     PB3     ------> TIM2_CH2
 252:Core/Src/tim.c ****     */
 253:Core/Src/tim.c ****     GPIO_InitStruct.Pin = PWMA_Pin;
 254:Core/Src/tim.c ****     GPIO_InitStruct.Mode = GPIO_MODE_AF_PP;
 255:Core/Src/tim.c ****     GPIO_InitStruct.Pull = GPIO_NOPULL;
 256:Core/Src/tim.c ****     GPIO_InitStruct.Speed = GPIO_SPEED_FREQ_LOW;
 257:Core/Src/tim.c ****     GPIO_InitStruct.Alternate = GPIO_AF1_TIM2;
 258:Core/Src/tim.c ****     HAL_GPIO_Init(PWMA_GPIO_Port, &GPIO_InitStruct);
 259:Core/Src/tim.c **** 
 260:Core/Src/tim.c ****     GPIO_InitStruct.Pin = PWMB_Pin;
 261:Core/Src/tim.c ****     GPIO_InitStruct.Mode = GPIO_MODE_AF_PP;
 262:Core/Src/tim.c ****     GPIO_InitStruct.Pull = GPIO_NOPULL;
 263:Core/Src/tim.c ****     GPIO_InitStruct.Speed = GPIO_SPEED_FREQ_LOW;
 264:Core/Src/tim.c ****     GPIO_InitStruct.Alternate = GPIO_AF1_TIM2;
 265:Core/Src/tim.c ****     HAL_GPIO_Init(PWMB_GPIO_Port, &GPIO_InitStruct);
 266:Core/Src/tim.c **** 
 267:Core/Src/tim.c ****   /* USER CODE BEGIN TIM2_MspPostInit 1 */
 268:Core/Src/tim.c **** 
 269:Core/Src/tim.c ****   /* USER CODE END TIM2_MspPostInit 1 */
 270:Core/Src/tim.c ****   }
 271:Core/Src/tim.c **** 
 272:Core/Src/tim.c **** }
 539              		.loc 1 272 1 view .LVU160
 540 0018 08B0     		add	sp, sp, #32
 541              	.LCFI16:
 542              		.cfi_remember_state
 543              		.cfi_def_cfa_offset 16
ARM GAS  C:\Users\GAOJIE~1\AppData\Local\Temp\cc1oiWdl.s 			page 16


 544              		@ sp needed
 545 001a 70BD     		pop	{r4, r5, r6, pc}
 546              	.LVL21:
 547              	.L37:
 548              	.LCFI17:
 549              		.cfi_restore_state
 247:Core/Src/tim.c ****     __HAL_RCC_GPIOB_CLK_ENABLE();
 550              		.loc 1 247 5 is_stmt 1 view .LVU161
 551              	.LBB7:
 247:Core/Src/tim.c ****     __HAL_RCC_GPIOB_CLK_ENABLE();
 552              		.loc 1 247 5 view .LVU162
 553 001c 0024     		movs	r4, #0
 554 001e 0194     		str	r4, [sp, #4]
 247:Core/Src/tim.c ****     __HAL_RCC_GPIOB_CLK_ENABLE();
 555              		.loc 1 247 5 view .LVU163
 556 0020 03F50E33 		add	r3, r3, #145408
 557 0024 1A6B     		ldr	r2, [r3, #48]
 558 0026 42F00102 		orr	r2, r2, #1
 559 002a 1A63     		str	r2, [r3, #48]
 247:Core/Src/tim.c ****     __HAL_RCC_GPIOB_CLK_ENABLE();
 560              		.loc 1 247 5 view .LVU164
 561 002c 1A6B     		ldr	r2, [r3, #48]
 562 002e 02F00102 		and	r2, r2, #1
 563 0032 0192     		str	r2, [sp, #4]
 247:Core/Src/tim.c ****     __HAL_RCC_GPIOB_CLK_ENABLE();
 564              		.loc 1 247 5 view .LVU165
 565 0034 019A     		ldr	r2, [sp, #4]
 566              	.LBE7:
 247:Core/Src/tim.c ****     __HAL_RCC_GPIOB_CLK_ENABLE();
 567              		.loc 1 247 5 view .LVU166
 248:Core/Src/tim.c ****     /**TIM2 GPIO Configuration
 568              		.loc 1 248 5 view .LVU167
 569              	.LBB8:
 248:Core/Src/tim.c ****     /**TIM2 GPIO Configuration
 570              		.loc 1 248 5 view .LVU168
 571 0036 0294     		str	r4, [sp, #8]
 248:Core/Src/tim.c ****     /**TIM2 GPIO Configuration
 572              		.loc 1 248 5 view .LVU169
 573 0038 1A6B     		ldr	r2, [r3, #48]
 574 003a 42F00202 		orr	r2, r2, #2
 575 003e 1A63     		str	r2, [r3, #48]
 248:Core/Src/tim.c ****     /**TIM2 GPIO Configuration
 576              		.loc 1 248 5 view .LVU170
 577 0040 1B6B     		ldr	r3, [r3, #48]
 578 0042 03F00203 		and	r3, r3, #2
 579 0046 0293     		str	r3, [sp, #8]
 248:Core/Src/tim.c ****     /**TIM2 GPIO Configuration
 580              		.loc 1 248 5 view .LVU171
 581 0048 029B     		ldr	r3, [sp, #8]
 582              	.LBE8:
 248:Core/Src/tim.c ****     /**TIM2 GPIO Configuration
 583              		.loc 1 248 5 view .LVU172
 253:Core/Src/tim.c ****     GPIO_InitStruct.Mode = GPIO_MODE_AF_PP;
 584              		.loc 1 253 5 view .LVU173
 253:Core/Src/tim.c ****     GPIO_InitStruct.Mode = GPIO_MODE_AF_PP;
 585              		.loc 1 253 25 is_stmt 0 view .LVU174
 586 004a 4FF40043 		mov	r3, #32768
ARM GAS  C:\Users\GAOJIE~1\AppData\Local\Temp\cc1oiWdl.s 			page 17


 587 004e 0393     		str	r3, [sp, #12]
 254:Core/Src/tim.c ****     GPIO_InitStruct.Pull = GPIO_NOPULL;
 588              		.loc 1 254 5 is_stmt 1 view .LVU175
 254:Core/Src/tim.c ****     GPIO_InitStruct.Pull = GPIO_NOPULL;
 589              		.loc 1 254 26 is_stmt 0 view .LVU176
 590 0050 0226     		movs	r6, #2
 591 0052 0496     		str	r6, [sp, #16]
 255:Core/Src/tim.c ****     GPIO_InitStruct.Speed = GPIO_SPEED_FREQ_LOW;
 592              		.loc 1 255 5 is_stmt 1 view .LVU177
 256:Core/Src/tim.c ****     GPIO_InitStruct.Alternate = GPIO_AF1_TIM2;
 593              		.loc 1 256 5 view .LVU178
 257:Core/Src/tim.c ****     HAL_GPIO_Init(PWMA_GPIO_Port, &GPIO_InitStruct);
 594              		.loc 1 257 5 view .LVU179
 257:Core/Src/tim.c ****     HAL_GPIO_Init(PWMA_GPIO_Port, &GPIO_InitStruct);
 595              		.loc 1 257 31 is_stmt 0 view .LVU180
 596 0054 0125     		movs	r5, #1
 597 0056 0795     		str	r5, [sp, #28]
 258:Core/Src/tim.c **** 
 598              		.loc 1 258 5 is_stmt 1 view .LVU181
 599 0058 03A9     		add	r1, sp, #12
 600 005a 0748     		ldr	r0, .L38
 601              	.LVL22:
 258:Core/Src/tim.c **** 
 602              		.loc 1 258 5 is_stmt 0 view .LVU182
 603 005c FFF7FEFF 		bl	HAL_GPIO_Init
 604              	.LVL23:
 260:Core/Src/tim.c ****     GPIO_InitStruct.Mode = GPIO_MODE_AF_PP;
 605              		.loc 1 260 5 is_stmt 1 view .LVU183
 260:Core/Src/tim.c ****     GPIO_InitStruct.Mode = GPIO_MODE_AF_PP;
 606              		.loc 1 260 25 is_stmt 0 view .LVU184
 607 0060 0823     		movs	r3, #8
 608 0062 0393     		str	r3, [sp, #12]
 261:Core/Src/tim.c ****     GPIO_InitStruct.Pull = GPIO_NOPULL;
 609              		.loc 1 261 5 is_stmt 1 view .LVU185
 261:Core/Src/tim.c ****     GPIO_InitStruct.Pull = GPIO_NOPULL;
 610              		.loc 1 261 26 is_stmt 0 view .LVU186
 611 0064 0496     		str	r6, [sp, #16]
 262:Core/Src/tim.c ****     GPIO_InitStruct.Speed = GPIO_SPEED_FREQ_LOW;
 612              		.loc 1 262 5 is_stmt 1 view .LVU187
 262:Core/Src/tim.c ****     GPIO_InitStruct.Speed = GPIO_SPEED_FREQ_LOW;
 613              		.loc 1 262 26 is_stmt 0 view .LVU188
 614 0066 0594     		str	r4, [sp, #20]
 263:Core/Src/tim.c ****     GPIO_InitStruct.Alternate = GPIO_AF1_TIM2;
 615              		.loc 1 263 5 is_stmt 1 view .LVU189
 263:Core/Src/tim.c ****     GPIO_InitStruct.Alternate = GPIO_AF1_TIM2;
 616              		.loc 1 263 27 is_stmt 0 view .LVU190
 617 0068 0694     		str	r4, [sp, #24]
 264:Core/Src/tim.c ****     HAL_GPIO_Init(PWMB_GPIO_Port, &GPIO_InitStruct);
 618              		.loc 1 264 5 is_stmt 1 view .LVU191
 264:Core/Src/tim.c ****     HAL_GPIO_Init(PWMB_GPIO_Port, &GPIO_InitStruct);
 619              		.loc 1 264 31 is_stmt 0 view .LVU192
 620 006a 0795     		str	r5, [sp, #28]
 265:Core/Src/tim.c **** 
 621              		.loc 1 265 5 is_stmt 1 view .LVU193
 622 006c 03A9     		add	r1, sp, #12
 623 006e 0348     		ldr	r0, .L38+4
 624 0070 FFF7FEFF 		bl	HAL_GPIO_Init
ARM GAS  C:\Users\GAOJIE~1\AppData\Local\Temp\cc1oiWdl.s 			page 18


 625              	.LVL24:
 626              		.loc 1 272 1 is_stmt 0 view .LVU194
 627 0074 D0E7     		b	.L34
 628              	.L39:
 629 0076 00BF     		.align	2
 630              	.L38:
 631 0078 00000240 		.word	1073872896
 632 007c 00040240 		.word	1073873920
 633              		.cfi_endproc
 634              	.LFE139:
 636              		.section	.text.MX_TIM2_Init,"ax",%progbits
 637              		.align	1
 638              		.global	MX_TIM2_Init
 639              		.syntax unified
 640              		.thumb
 641              		.thumb_func
 643              	MX_TIM2_Init:
 644              	.LFB134:
  33:Core/Src/tim.c **** 
 645              		.loc 1 33 1 is_stmt 1 view -0
 646              		.cfi_startproc
 647              		@ args = 0, pretend = 0, frame = 40
 648              		@ frame_needed = 0, uses_anonymous_args = 0
 649 0000 00B5     		push	{lr}
 650              	.LCFI18:
 651              		.cfi_def_cfa_offset 4
 652              		.cfi_offset 14, -4
 653 0002 8BB0     		sub	sp, sp, #44
 654              	.LCFI19:
 655              		.cfi_def_cfa_offset 48
  39:Core/Src/tim.c ****   TIM_OC_InitTypeDef sConfigOC = {0};
 656              		.loc 1 39 3 view .LVU196
  39:Core/Src/tim.c ****   TIM_OC_InitTypeDef sConfigOC = {0};
 657              		.loc 1 39 27 is_stmt 0 view .LVU197
 658 0004 0023     		movs	r3, #0
 659 0006 0893     		str	r3, [sp, #32]
 660 0008 0993     		str	r3, [sp, #36]
  40:Core/Src/tim.c **** 
 661              		.loc 1 40 3 is_stmt 1 view .LVU198
  40:Core/Src/tim.c **** 
 662              		.loc 1 40 22 is_stmt 0 view .LVU199
 663 000a 0193     		str	r3, [sp, #4]
 664 000c 0293     		str	r3, [sp, #8]
 665 000e 0393     		str	r3, [sp, #12]
 666 0010 0493     		str	r3, [sp, #16]
 667 0012 0593     		str	r3, [sp, #20]
 668 0014 0693     		str	r3, [sp, #24]
 669 0016 0793     		str	r3, [sp, #28]
  45:Core/Src/tim.c ****   htim2.Init.Prescaler = 0;
 670              		.loc 1 45 3 is_stmt 1 view .LVU200
  45:Core/Src/tim.c ****   htim2.Init.Prescaler = 0;
 671              		.loc 1 45 18 is_stmt 0 view .LVU201
 672 0018 1C48     		ldr	r0, .L50
 673 001a 4FF08042 		mov	r2, #1073741824
 674 001e 0260     		str	r2, [r0]
  46:Core/Src/tim.c ****   htim2.Init.CounterMode = TIM_COUNTERMODE_UP;
 675              		.loc 1 46 3 is_stmt 1 view .LVU202
ARM GAS  C:\Users\GAOJIE~1\AppData\Local\Temp\cc1oiWdl.s 			page 19


  46:Core/Src/tim.c ****   htim2.Init.CounterMode = TIM_COUNTERMODE_UP;
 676              		.loc 1 46 24 is_stmt 0 view .LVU203
 677 0020 4360     		str	r3, [r0, #4]
  47:Core/Src/tim.c ****   htim2.Init.Period = 4294967295;
 678              		.loc 1 47 3 is_stmt 1 view .LVU204
  47:Core/Src/tim.c ****   htim2.Init.Period = 4294967295;
 679              		.loc 1 47 26 is_stmt 0 view .LVU205
 680 0022 8360     		str	r3, [r0, #8]
  48:Core/Src/tim.c ****   htim2.Init.ClockDivision = TIM_CLOCKDIVISION_DIV1;
 681              		.loc 1 48 3 is_stmt 1 view .LVU206
  48:Core/Src/tim.c ****   htim2.Init.ClockDivision = TIM_CLOCKDIVISION_DIV1;
 682              		.loc 1 48 21 is_stmt 0 view .LVU207
 683 0024 4FF0FF32 		mov	r2, #-1
 684 0028 C260     		str	r2, [r0, #12]
  49:Core/Src/tim.c ****   htim2.Init.AutoReloadPreload = TIM_AUTORELOAD_PRELOAD_DISABLE;
 685              		.loc 1 49 3 is_stmt 1 view .LVU208
  49:Core/Src/tim.c ****   htim2.Init.AutoReloadPreload = TIM_AUTORELOAD_PRELOAD_DISABLE;
 686              		.loc 1 49 28 is_stmt 0 view .LVU209
 687 002a 0361     		str	r3, [r0, #16]
  50:Core/Src/tim.c ****   if (HAL_TIM_PWM_Init(&htim2) != HAL_OK)
 688              		.loc 1 50 3 is_stmt 1 view .LVU210
  50:Core/Src/tim.c ****   if (HAL_TIM_PWM_Init(&htim2) != HAL_OK)
 689              		.loc 1 50 32 is_stmt 0 view .LVU211
 690 002c 8361     		str	r3, [r0, #24]
  51:Core/Src/tim.c ****   {
 691              		.loc 1 51 3 is_stmt 1 view .LVU212
  51:Core/Src/tim.c ****   {
 692              		.loc 1 51 7 is_stmt 0 view .LVU213
 693 002e FFF7FEFF 		bl	HAL_TIM_PWM_Init
 694              	.LVL25:
  51:Core/Src/tim.c ****   {
 695              		.loc 1 51 6 view .LVU214
 696 0032 F8B9     		cbnz	r0, .L46
 697              	.L41:
  55:Core/Src/tim.c ****   sMasterConfig.MasterSlaveMode = TIM_MASTERSLAVEMODE_DISABLE;
 698              		.loc 1 55 3 is_stmt 1 view .LVU215
  55:Core/Src/tim.c ****   sMasterConfig.MasterSlaveMode = TIM_MASTERSLAVEMODE_DISABLE;
 699              		.loc 1 55 37 is_stmt 0 view .LVU216
 700 0034 0023     		movs	r3, #0
 701 0036 0893     		str	r3, [sp, #32]
  56:Core/Src/tim.c ****   if (HAL_TIMEx_MasterConfigSynchronization(&htim2, &sMasterConfig) != HAL_OK)
 702              		.loc 1 56 3 is_stmt 1 view .LVU217
  56:Core/Src/tim.c ****   if (HAL_TIMEx_MasterConfigSynchronization(&htim2, &sMasterConfig) != HAL_OK)
 703              		.loc 1 56 33 is_stmt 0 view .LVU218
 704 0038 0993     		str	r3, [sp, #36]
  57:Core/Src/tim.c ****   {
 705              		.loc 1 57 3 is_stmt 1 view .LVU219
  57:Core/Src/tim.c ****   {
 706              		.loc 1 57 7 is_stmt 0 view .LVU220
 707 003a 08A9     		add	r1, sp, #32
 708 003c 1348     		ldr	r0, .L50
 709 003e FFF7FEFF 		bl	HAL_TIMEx_MasterConfigSynchronization
 710              	.LVL26:
  57:Core/Src/tim.c ****   {
 711              		.loc 1 57 6 view .LVU221
 712 0042 D0B9     		cbnz	r0, .L47
 713              	.L42:
ARM GAS  C:\Users\GAOJIE~1\AppData\Local\Temp\cc1oiWdl.s 			page 20


  61:Core/Src/tim.c ****   sConfigOC.Pulse = 0;
 714              		.loc 1 61 3 is_stmt 1 view .LVU222
  61:Core/Src/tim.c ****   sConfigOC.Pulse = 0;
 715              		.loc 1 61 20 is_stmt 0 view .LVU223
 716 0044 6023     		movs	r3, #96
 717 0046 0193     		str	r3, [sp, #4]
  62:Core/Src/tim.c ****   sConfigOC.OCPolarity = TIM_OCPOLARITY_HIGH;
 718              		.loc 1 62 3 is_stmt 1 view .LVU224
  62:Core/Src/tim.c ****   sConfigOC.OCPolarity = TIM_OCPOLARITY_HIGH;
 719              		.loc 1 62 19 is_stmt 0 view .LVU225
 720 0048 0022     		movs	r2, #0
 721 004a 0292     		str	r2, [sp, #8]
  63:Core/Src/tim.c ****   sConfigOC.OCFastMode = TIM_OCFAST_DISABLE;
 722              		.loc 1 63 3 is_stmt 1 view .LVU226
  63:Core/Src/tim.c ****   sConfigOC.OCFastMode = TIM_OCFAST_DISABLE;
 723              		.loc 1 63 24 is_stmt 0 view .LVU227
 724 004c 0392     		str	r2, [sp, #12]
  64:Core/Src/tim.c ****   if (HAL_TIM_PWM_ConfigChannel(&htim2, &sConfigOC, TIM_CHANNEL_1) != HAL_OK)
 725              		.loc 1 64 3 is_stmt 1 view .LVU228
  64:Core/Src/tim.c ****   if (HAL_TIM_PWM_ConfigChannel(&htim2, &sConfigOC, TIM_CHANNEL_1) != HAL_OK)
 726              		.loc 1 64 24 is_stmt 0 view .LVU229
 727 004e 0592     		str	r2, [sp, #20]
  65:Core/Src/tim.c ****   {
 728              		.loc 1 65 3 is_stmt 1 view .LVU230
  65:Core/Src/tim.c ****   {
 729              		.loc 1 65 7 is_stmt 0 view .LVU231
 730 0050 01A9     		add	r1, sp, #4
 731 0052 0E48     		ldr	r0, .L50
 732 0054 FFF7FEFF 		bl	HAL_TIM_PWM_ConfigChannel
 733              	.LVL27:
  65:Core/Src/tim.c ****   {
 734              		.loc 1 65 6 view .LVU232
 735 0058 90B9     		cbnz	r0, .L48
 736              	.L43:
  69:Core/Src/tim.c ****   {
 737              		.loc 1 69 3 is_stmt 1 view .LVU233
  69:Core/Src/tim.c ****   {
 738              		.loc 1 69 7 is_stmt 0 view .LVU234
 739 005a 0422     		movs	r2, #4
 740 005c 0DEB0201 		add	r1, sp, r2
 741 0060 0A48     		ldr	r0, .L50
 742 0062 FFF7FEFF 		bl	HAL_TIM_PWM_ConfigChannel
 743              	.LVL28:
  69:Core/Src/tim.c ****   {
 744              		.loc 1 69 6 view .LVU235
 745 0066 70B9     		cbnz	r0, .L49
 746              	.L44:
  76:Core/Src/tim.c **** 
 747              		.loc 1 76 3 is_stmt 1 view .LVU236
 748 0068 0848     		ldr	r0, .L50
 749 006a FFF7FEFF 		bl	HAL_TIM_MspPostInit
 750              	.LVL29:
  78:Core/Src/tim.c **** /* TIM3 init function */
 751              		.loc 1 78 1 is_stmt 0 view .LVU237
 752 006e 0BB0     		add	sp, sp, #44
 753              	.LCFI20:
 754              		.cfi_remember_state
ARM GAS  C:\Users\GAOJIE~1\AppData\Local\Temp\cc1oiWdl.s 			page 21


 755              		.cfi_def_cfa_offset 4
 756              		@ sp needed
 757 0070 5DF804FB 		ldr	pc, [sp], #4
 758              	.L46:
 759              	.LCFI21:
 760              		.cfi_restore_state
  53:Core/Src/tim.c ****   }
 761              		.loc 1 53 5 is_stmt 1 view .LVU238
 762 0074 FFF7FEFF 		bl	Error_Handler
 763              	.LVL30:
 764 0078 DCE7     		b	.L41
 765              	.L47:
  59:Core/Src/tim.c ****   }
 766              		.loc 1 59 5 view .LVU239
 767 007a FFF7FEFF 		bl	Error_Handler
 768              	.LVL31:
 769 007e E1E7     		b	.L42
 770              	.L48:
  67:Core/Src/tim.c ****   }
 771              		.loc 1 67 5 view .LVU240
 772 0080 FFF7FEFF 		bl	Error_Handler
 773              	.LVL32:
 774 0084 E9E7     		b	.L43
 775              	.L49:
  71:Core/Src/tim.c ****   }
 776              		.loc 1 71 5 view .LVU241
 777 0086 FFF7FEFF 		bl	Error_Handler
 778              	.LVL33:
 779 008a EDE7     		b	.L44
 780              	.L51:
 781              		.align	2
 782              	.L50:
 783 008c 00000000 		.word	.LANCHOR2
 784              		.cfi_endproc
 785              	.LFE134:
 787              		.section	.text.HAL_TIM_PWM_MspDeInit,"ax",%progbits
 788              		.align	1
 789              		.global	HAL_TIM_PWM_MspDeInit
 790              		.syntax unified
 791              		.thumb
 792              		.thumb_func
 794              	HAL_TIM_PWM_MspDeInit:
 795              	.LVL34:
 796              	.LFB140:
 273:Core/Src/tim.c **** 
 274:Core/Src/tim.c **** void HAL_TIM_PWM_MspDeInit(TIM_HandleTypeDef* tim_pwmHandle)
 275:Core/Src/tim.c **** {
 797              		.loc 1 275 1 view -0
 798              		.cfi_startproc
 799              		@ args = 0, pretend = 0, frame = 0
 800              		@ frame_needed = 0, uses_anonymous_args = 0
 801              		@ link register save eliminated.
 276:Core/Src/tim.c **** 
 277:Core/Src/tim.c ****   if(tim_pwmHandle->Instance==TIM2)
 802              		.loc 1 277 3 view .LVU243
 803              		.loc 1 277 19 is_stmt 0 view .LVU244
 804 0000 0368     		ldr	r3, [r0]
ARM GAS  C:\Users\GAOJIE~1\AppData\Local\Temp\cc1oiWdl.s 			page 22


 805              		.loc 1 277 5 view .LVU245
 806 0002 B3F1804F 		cmp	r3, #1073741824
 807 0006 00D0     		beq	.L54
 808              	.L52:
 278:Core/Src/tim.c ****   {
 279:Core/Src/tim.c ****   /* USER CODE BEGIN TIM2_MspDeInit 0 */
 280:Core/Src/tim.c **** 
 281:Core/Src/tim.c ****   /* USER CODE END TIM2_MspDeInit 0 */
 282:Core/Src/tim.c ****     /* Peripheral clock disable */
 283:Core/Src/tim.c ****     __HAL_RCC_TIM2_CLK_DISABLE();
 284:Core/Src/tim.c ****   /* USER CODE BEGIN TIM2_MspDeInit 1 */
 285:Core/Src/tim.c **** 
 286:Core/Src/tim.c ****   /* USER CODE END TIM2_MspDeInit 1 */
 287:Core/Src/tim.c ****   }
 288:Core/Src/tim.c **** }
 809              		.loc 1 288 1 view .LVU246
 810 0008 7047     		bx	lr
 811              	.L54:
 283:Core/Src/tim.c ****   /* USER CODE BEGIN TIM2_MspDeInit 1 */
 812              		.loc 1 283 5 is_stmt 1 view .LVU247
 813 000a 034A     		ldr	r2, .L55
 814 000c 136C     		ldr	r3, [r2, #64]
 815 000e 23F00103 		bic	r3, r3, #1
 816 0012 1364     		str	r3, [r2, #64]
 817              		.loc 1 288 1 is_stmt 0 view .LVU248
 818 0014 F8E7     		b	.L52
 819              	.L56:
 820 0016 00BF     		.align	2
 821              	.L55:
 822 0018 00380240 		.word	1073887232
 823              		.cfi_endproc
 824              	.LFE140:
 826              		.section	.text.HAL_TIM_Encoder_MspDeInit,"ax",%progbits
 827              		.align	1
 828              		.global	HAL_TIM_Encoder_MspDeInit
 829              		.syntax unified
 830              		.thumb
 831              		.thumb_func
 833              	HAL_TIM_Encoder_MspDeInit:
 834              	.LVL35:
 835              	.LFB141:
 289:Core/Src/tim.c **** 
 290:Core/Src/tim.c **** void HAL_TIM_Encoder_MspDeInit(TIM_HandleTypeDef* tim_encoderHandle)
 291:Core/Src/tim.c **** {
 836              		.loc 1 291 1 is_stmt 1 view -0
 837              		.cfi_startproc
 838              		@ args = 0, pretend = 0, frame = 0
 839              		@ frame_needed = 0, uses_anonymous_args = 0
 840              		.loc 1 291 1 is_stmt 0 view .LVU250
 841 0000 08B5     		push	{r3, lr}
 842              	.LCFI22:
 843              		.cfi_def_cfa_offset 8
 844              		.cfi_offset 3, -8
 845              		.cfi_offset 14, -4
 292:Core/Src/tim.c **** 
 293:Core/Src/tim.c ****   if(tim_encoderHandle->Instance==TIM3)
 846              		.loc 1 293 3 is_stmt 1 view .LVU251
ARM GAS  C:\Users\GAOJIE~1\AppData\Local\Temp\cc1oiWdl.s 			page 23


 847              		.loc 1 293 23 is_stmt 0 view .LVU252
 848 0002 0368     		ldr	r3, [r0]
 849              		.loc 1 293 5 view .LVU253
 850 0004 0E4A     		ldr	r2, .L63
 851 0006 9342     		cmp	r3, r2
 852 0008 03D0     		beq	.L61
 294:Core/Src/tim.c ****   {
 295:Core/Src/tim.c ****   /* USER CODE BEGIN TIM3_MspDeInit 0 */
 296:Core/Src/tim.c **** 
 297:Core/Src/tim.c ****   /* USER CODE END TIM3_MspDeInit 0 */
 298:Core/Src/tim.c ****     /* Peripheral clock disable */
 299:Core/Src/tim.c ****     __HAL_RCC_TIM3_CLK_DISABLE();
 300:Core/Src/tim.c **** 
 301:Core/Src/tim.c ****     /**TIM3 GPIO Configuration
 302:Core/Src/tim.c ****     PB4     ------> TIM3_CH1
 303:Core/Src/tim.c ****     PB5     ------> TIM3_CH2
 304:Core/Src/tim.c ****     */
 305:Core/Src/tim.c ****     HAL_GPIO_DeInit(GPIOB, A1_Pin|B1_Pin);
 306:Core/Src/tim.c **** 
 307:Core/Src/tim.c ****   /* USER CODE BEGIN TIM3_MspDeInit 1 */
 308:Core/Src/tim.c **** 
 309:Core/Src/tim.c ****   /* USER CODE END TIM3_MspDeInit 1 */
 310:Core/Src/tim.c ****   }
 311:Core/Src/tim.c ****   else if(tim_encoderHandle->Instance==TIM4)
 853              		.loc 1 311 8 is_stmt 1 view .LVU254
 854              		.loc 1 311 10 is_stmt 0 view .LVU255
 855 000a 0E4A     		ldr	r2, .L63+4
 856 000c 9342     		cmp	r3, r2
 857 000e 0BD0     		beq	.L62
 858              	.LVL36:
 859              	.L57:
 312:Core/Src/tim.c ****   {
 313:Core/Src/tim.c ****   /* USER CODE BEGIN TIM4_MspDeInit 0 */
 314:Core/Src/tim.c **** 
 315:Core/Src/tim.c ****   /* USER CODE END TIM4_MspDeInit 0 */
 316:Core/Src/tim.c ****     /* Peripheral clock disable */
 317:Core/Src/tim.c ****     __HAL_RCC_TIM4_CLK_DISABLE();
 318:Core/Src/tim.c **** 
 319:Core/Src/tim.c ****     /**TIM4 GPIO Configuration
 320:Core/Src/tim.c ****     PB6     ------> TIM4_CH1
 321:Core/Src/tim.c ****     PB7     ------> TIM4_CH2
 322:Core/Src/tim.c ****     */
 323:Core/Src/tim.c ****     HAL_GPIO_DeInit(GPIOB, A2_Pin|B2_Pin);
 324:Core/Src/tim.c **** 
 325:Core/Src/tim.c ****   /* USER CODE BEGIN TIM4_MspDeInit 1 */
 326:Core/Src/tim.c **** 
 327:Core/Src/tim.c ****   /* USER CODE END TIM4_MspDeInit 1 */
 328:Core/Src/tim.c ****   }
 329:Core/Src/tim.c **** }
 860              		.loc 1 329 1 view .LVU256
 861 0010 08BD     		pop	{r3, pc}
 862              	.LVL37:
 863              	.L61:
 299:Core/Src/tim.c **** 
 864              		.loc 1 299 5 is_stmt 1 view .LVU257
 865 0012 02F50D32 		add	r2, r2, #144384
 866 0016 136C     		ldr	r3, [r2, #64]
ARM GAS  C:\Users\GAOJIE~1\AppData\Local\Temp\cc1oiWdl.s 			page 24


 867 0018 23F00203 		bic	r3, r3, #2
 868 001c 1364     		str	r3, [r2, #64]
 305:Core/Src/tim.c **** 
 869              		.loc 1 305 5 view .LVU258
 870 001e 3021     		movs	r1, #48
 871 0020 0948     		ldr	r0, .L63+8
 872              	.LVL38:
 305:Core/Src/tim.c **** 
 873              		.loc 1 305 5 is_stmt 0 view .LVU259
 874 0022 FFF7FEFF 		bl	HAL_GPIO_DeInit
 875              	.LVL39:
 876 0026 F3E7     		b	.L57
 877              	.LVL40:
 878              	.L62:
 317:Core/Src/tim.c **** 
 879              		.loc 1 317 5 is_stmt 1 view .LVU260
 880 0028 02F50C32 		add	r2, r2, #143360
 881 002c 136C     		ldr	r3, [r2, #64]
 882 002e 23F00403 		bic	r3, r3, #4
 883 0032 1364     		str	r3, [r2, #64]
 323:Core/Src/tim.c **** 
 884              		.loc 1 323 5 view .LVU261
 885 0034 C021     		movs	r1, #192
 886 0036 0448     		ldr	r0, .L63+8
 887              	.LVL41:
 323:Core/Src/tim.c **** 
 888              		.loc 1 323 5 is_stmt 0 view .LVU262
 889 0038 FFF7FEFF 		bl	HAL_GPIO_DeInit
 890              	.LVL42:
 891              		.loc 1 329 1 view .LVU263
 892 003c E8E7     		b	.L57
 893              	.L64:
 894 003e 00BF     		.align	2
 895              	.L63:
 896 0040 00040040 		.word	1073742848
 897 0044 00080040 		.word	1073743872
 898 0048 00040240 		.word	1073873920
 899              		.cfi_endproc
 900              	.LFE141:
 902              		.global	htim4
 903              		.global	htim3
 904              		.global	htim2
 905              		.section	.bss.htim2,"aw",%nobits
 906              		.align	2
 907              		.set	.LANCHOR2,. + 0
 910              	htim2:
 911 0000 00000000 		.space	72
 911      00000000 
 911      00000000 
 911      00000000 
 911      00000000 
 912              		.section	.bss.htim3,"aw",%nobits
 913              		.align	2
 914              		.set	.LANCHOR0,. + 0
 917              	htim3:
 918 0000 00000000 		.space	72
 918      00000000 
ARM GAS  C:\Users\GAOJIE~1\AppData\Local\Temp\cc1oiWdl.s 			page 25


 918      00000000 
 918      00000000 
 918      00000000 
 919              		.section	.bss.htim4,"aw",%nobits
 920              		.align	2
 921              		.set	.LANCHOR1,. + 0
 924              	htim4:
 925 0000 00000000 		.space	72
 925      00000000 
 925      00000000 
 925      00000000 
 925      00000000 
 926              		.text
 927              	.Letext0:
 928              		.file 2 "d:\\gcc-arm-none-eabi\\arm-none-eabi\\include\\machine\\_default_types.h"
 929              		.file 3 "d:\\gcc-arm-none-eabi\\arm-none-eabi\\include\\sys\\_stdint.h"
 930              		.file 4 "Drivers/CMSIS/Device/ST/STM32F4xx/Include/stm32f401xc.h"
 931              		.file 5 "Drivers/STM32F4xx_HAL_Driver/Inc/stm32f4xx_hal_def.h"
 932              		.file 6 "Drivers/STM32F4xx_HAL_Driver/Inc/stm32f4xx_hal_gpio.h"
 933              		.file 7 "Drivers/STM32F4xx_HAL_Driver/Inc/stm32f4xx_hal_dma.h"
 934              		.file 8 "Drivers/STM32F4xx_HAL_Driver/Inc/stm32f4xx_hal_tim.h"
 935              		.file 9 "Core/Inc/tim.h"
 936              		.file 10 "Drivers/STM32F4xx_HAL_Driver/Inc/stm32f4xx_hal_tim_ex.h"
 937              		.file 11 "Core/Inc/main.h"
 938              		.file 12 "<built-in>"
ARM GAS  C:\Users\GAOJIE~1\AppData\Local\Temp\cc1oiWdl.s 			page 26


DEFINED SYMBOLS
                            *ABS*:00000000 tim.c
C:\Users\GAOJIE~1\AppData\Local\Temp\cc1oiWdl.s:20     .text.MX_TIM3_Init:00000000 $t
C:\Users\GAOJIE~1\AppData\Local\Temp\cc1oiWdl.s:26     .text.MX_TIM3_Init:00000000 MX_TIM3_Init
C:\Users\GAOJIE~1\AppData\Local\Temp\cc1oiWdl.s:136    .text.MX_TIM3_Init:0000005c $d
C:\Users\GAOJIE~1\AppData\Local\Temp\cc1oiWdl.s:142    .text.MX_TIM4_Init:00000000 $t
C:\Users\GAOJIE~1\AppData\Local\Temp\cc1oiWdl.s:148    .text.MX_TIM4_Init:00000000 MX_TIM4_Init
C:\Users\GAOJIE~1\AppData\Local\Temp\cc1oiWdl.s:257    .text.MX_TIM4_Init:0000005c $d
C:\Users\GAOJIE~1\AppData\Local\Temp\cc1oiWdl.s:263    .text.HAL_TIM_PWM_MspInit:00000000 $t
C:\Users\GAOJIE~1\AppData\Local\Temp\cc1oiWdl.s:269    .text.HAL_TIM_PWM_MspInit:00000000 HAL_TIM_PWM_MspInit
C:\Users\GAOJIE~1\AppData\Local\Temp\cc1oiWdl.s:316    .text.HAL_TIM_PWM_MspInit:00000028 $d
C:\Users\GAOJIE~1\AppData\Local\Temp\cc1oiWdl.s:321    .text.HAL_TIM_Encoder_MspInit:00000000 $t
C:\Users\GAOJIE~1\AppData\Local\Temp\cc1oiWdl.s:327    .text.HAL_TIM_Encoder_MspInit:00000000 HAL_TIM_Encoder_MspInit
C:\Users\GAOJIE~1\AppData\Local\Temp\cc1oiWdl.s:491    .text.HAL_TIM_Encoder_MspInit:000000a4 $d
C:\Users\GAOJIE~1\AppData\Local\Temp\cc1oiWdl.s:499    .text.HAL_TIM_MspPostInit:00000000 $t
C:\Users\GAOJIE~1\AppData\Local\Temp\cc1oiWdl.s:505    .text.HAL_TIM_MspPostInit:00000000 HAL_TIM_MspPostInit
C:\Users\GAOJIE~1\AppData\Local\Temp\cc1oiWdl.s:631    .text.HAL_TIM_MspPostInit:00000078 $d
C:\Users\GAOJIE~1\AppData\Local\Temp\cc1oiWdl.s:637    .text.MX_TIM2_Init:00000000 $t
C:\Users\GAOJIE~1\AppData\Local\Temp\cc1oiWdl.s:643    .text.MX_TIM2_Init:00000000 MX_TIM2_Init
C:\Users\GAOJIE~1\AppData\Local\Temp\cc1oiWdl.s:783    .text.MX_TIM2_Init:0000008c $d
C:\Users\GAOJIE~1\AppData\Local\Temp\cc1oiWdl.s:788    .text.HAL_TIM_PWM_MspDeInit:00000000 $t
C:\Users\GAOJIE~1\AppData\Local\Temp\cc1oiWdl.s:794    .text.HAL_TIM_PWM_MspDeInit:00000000 HAL_TIM_PWM_MspDeInit
C:\Users\GAOJIE~1\AppData\Local\Temp\cc1oiWdl.s:822    .text.HAL_TIM_PWM_MspDeInit:00000018 $d
C:\Users\GAOJIE~1\AppData\Local\Temp\cc1oiWdl.s:827    .text.HAL_TIM_Encoder_MspDeInit:00000000 $t
C:\Users\GAOJIE~1\AppData\Local\Temp\cc1oiWdl.s:833    .text.HAL_TIM_Encoder_MspDeInit:00000000 HAL_TIM_Encoder_MspDeInit
C:\Users\GAOJIE~1\AppData\Local\Temp\cc1oiWdl.s:896    .text.HAL_TIM_Encoder_MspDeInit:00000040 $d
C:\Users\GAOJIE~1\AppData\Local\Temp\cc1oiWdl.s:924    .bss.htim4:00000000 htim4
C:\Users\GAOJIE~1\AppData\Local\Temp\cc1oiWdl.s:917    .bss.htim3:00000000 htim3
C:\Users\GAOJIE~1\AppData\Local\Temp\cc1oiWdl.s:910    .bss.htim2:00000000 htim2
C:\Users\GAOJIE~1\AppData\Local\Temp\cc1oiWdl.s:906    .bss.htim2:00000000 $d
C:\Users\GAOJIE~1\AppData\Local\Temp\cc1oiWdl.s:913    .bss.htim3:00000000 $d
C:\Users\GAOJIE~1\AppData\Local\Temp\cc1oiWdl.s:920    .bss.htim4:00000000 $d

UNDEFINED SYMBOLS
memset
HAL_TIM_Encoder_Init
HAL_TIMEx_MasterConfigSynchronization
Error_Handler
HAL_GPIO_Init
HAL_TIM_PWM_Init
HAL_TIM_PWM_ConfigChannel
HAL_GPIO_DeInit
