ARM GAS  C:\Users\GAOJIE~1\AppData\Local\Temp\ccXslibk.s 			page 1


   1              		.cpu cortex-m4
   2              		.arch armv7e-m
   3              		.fpu fpv4-sp-d16
   4              		.eabi_attribute 27, 1
   5              		.eabi_attribute 28, 1
   6              		.eabi_attribute 20, 1
   7              		.eabi_attribute 21, 1
   8              		.eabi_attribute 23, 3
   9              		.eabi_attribute 24, 1
  10              		.eabi_attribute 25, 1
  11              		.eabi_attribute 26, 1
  12              		.eabi_attribute 30, 1
  13              		.eabi_attribute 34, 1
  14              		.eabi_attribute 18, 4
  15              		.file	"usart.c"
  16              		.text
  17              	.Ltext0:
  18              		.cfi_sections	.debug_frame
  19              		.section	.text.__io_putchar,"ax",%progbits
  20              		.align	1
  21              		.global	__io_putchar
  22              		.syntax unified
  23              		.thumb
  24              		.thumb_func
  26              	__io_putchar:
  27              	.LVL0:
  28              	.LFB134:
  29              		.file 1 "Core/Src/usart.c"
   1:Core/Src/usart.c **** /* USER CODE BEGIN Header */
   2:Core/Src/usart.c **** /**
   3:Core/Src/usart.c ****   ******************************************************************************
   4:Core/Src/usart.c ****   * @file    usart.c
   5:Core/Src/usart.c ****   * @brief   This file provides code for the configuration
   6:Core/Src/usart.c ****   *          of the USART instances.
   7:Core/Src/usart.c ****   ******************************************************************************
   8:Core/Src/usart.c ****   * @attention
   9:Core/Src/usart.c ****   *
  10:Core/Src/usart.c ****   * Copyright (c) 2024 STMicroelectronics.
  11:Core/Src/usart.c ****   * All rights reserved.
  12:Core/Src/usart.c ****   *
  13:Core/Src/usart.c ****   * This software is licensed under terms that can be found in the LICENSE file
  14:Core/Src/usart.c ****   * in the root directory of this software component.
  15:Core/Src/usart.c ****   * If no LICENSE file comes with this software, it is provided AS-IS.
  16:Core/Src/usart.c ****   *
  17:Core/Src/usart.c ****   ******************************************************************************
  18:Core/Src/usart.c ****   */
  19:Core/Src/usart.c **** /* USER CODE END Header */
  20:Core/Src/usart.c **** /* Includes ------------------------------------------------------------------*/
  21:Core/Src/usart.c **** #include "usart.h"
  22:Core/Src/usart.c **** 
  23:Core/Src/usart.c **** /* USER CODE BEGIN 0 */
  24:Core/Src/usart.c **** #ifdef __GNUC__
  25:Core/Src/usart.c **** /* With GCC/RAISONANCE, small printf (option LD Linker->Libraries->Small printf
  26:Core/Src/usart.c ****    set to 'Yes') calls __io_putchar() */
  27:Core/Src/usart.c **** #define PUTCHAR_PROTOTYPE int __io_putchar(int ch)
  28:Core/Src/usart.c **** #else
  29:Core/Src/usart.c **** #define PUTCHAR_PROTOTYPE int fputc(int ch, FILE *f)
ARM GAS  C:\Users\GAOJIE~1\AppData\Local\Temp\ccXslibk.s 			page 2


  30:Core/Src/usart.c **** #endif /* __GNUC__ */
  31:Core/Src/usart.c **** 
  32:Core/Src/usart.c **** PUTCHAR_PROTOTYPE
  33:Core/Src/usart.c **** {
  30              		.loc 1 33 1 view -0
  31              		.cfi_startproc
  32              		@ args = 0, pretend = 0, frame = 8
  33              		@ frame_needed = 0, uses_anonymous_args = 0
  34              		.loc 1 33 1 is_stmt 0 view .LVU1
  35 0000 00B5     		push	{lr}
  36              	.LCFI0:
  37              		.cfi_def_cfa_offset 4
  38              		.cfi_offset 14, -4
  39 0002 83B0     		sub	sp, sp, #12
  40              	.LCFI1:
  41              		.cfi_def_cfa_offset 16
  42 0004 0190     		str	r0, [sp, #4]
  34:Core/Src/usart.c ****     HAL_UART_Transmit(&huart1, (uint8_t *)&ch, 1, HAL_MAX_DELAY);
  43              		.loc 1 34 5 is_stmt 1 view .LVU2
  44 0006 4FF0FF33 		mov	r3, #-1
  45 000a 0122     		movs	r2, #1
  46 000c 01A9     		add	r1, sp, #4
  47 000e 0348     		ldr	r0, .L3
  48              	.LVL1:
  49              		.loc 1 34 5 is_stmt 0 view .LVU3
  50 0010 FFF7FEFF 		bl	HAL_UART_Transmit
  51              	.LVL2:
  35:Core/Src/usart.c ****     return ch;
  52              		.loc 1 35 5 is_stmt 1 view .LVU4
  36:Core/Src/usart.c **** }
  53              		.loc 1 36 1 is_stmt 0 view .LVU5
  54 0014 0198     		ldr	r0, [sp, #4]
  55 0016 03B0     		add	sp, sp, #12
  56              	.LCFI2:
  57              		.cfi_def_cfa_offset 4
  58              		@ sp needed
  59 0018 5DF804FB 		ldr	pc, [sp], #4
  60              	.L4:
  61              		.align	2
  62              	.L3:
  63 001c 00000000 		.word	.LANCHOR0
  64              		.cfi_endproc
  65              	.LFE134:
  67              		.section	.text.MX_USART1_UART_Init,"ax",%progbits
  68              		.align	1
  69              		.global	MX_USART1_UART_Init
  70              		.syntax unified
  71              		.thumb
  72              		.thumb_func
  74              	MX_USART1_UART_Init:
  75              	.LFB135:
  37:Core/Src/usart.c **** /* USER CODE END 0 */
  38:Core/Src/usart.c **** 
  39:Core/Src/usart.c **** UART_HandleTypeDef huart1;
  40:Core/Src/usart.c **** UART_HandleTypeDef huart2;
  41:Core/Src/usart.c **** 
  42:Core/Src/usart.c **** /* USART1 init function */
ARM GAS  C:\Users\GAOJIE~1\AppData\Local\Temp\ccXslibk.s 			page 3


  43:Core/Src/usart.c **** 
  44:Core/Src/usart.c **** void MX_USART1_UART_Init(void)
  45:Core/Src/usart.c **** {
  76              		.loc 1 45 1 is_stmt 1 view -0
  77              		.cfi_startproc
  78              		@ args = 0, pretend = 0, frame = 0
  79              		@ frame_needed = 0, uses_anonymous_args = 0
  80 0000 08B5     		push	{r3, lr}
  81              	.LCFI3:
  82              		.cfi_def_cfa_offset 8
  83              		.cfi_offset 3, -8
  84              		.cfi_offset 14, -4
  46:Core/Src/usart.c **** 
  47:Core/Src/usart.c ****   /* USER CODE BEGIN USART1_Init 0 */
  48:Core/Src/usart.c **** 
  49:Core/Src/usart.c ****   /* USER CODE END USART1_Init 0 */
  50:Core/Src/usart.c **** 
  51:Core/Src/usart.c ****   /* USER CODE BEGIN USART1_Init 1 */
  52:Core/Src/usart.c **** 
  53:Core/Src/usart.c ****   /* USER CODE END USART1_Init 1 */
  54:Core/Src/usart.c ****   huart1.Instance = USART1;
  85              		.loc 1 54 3 view .LVU7
  86              		.loc 1 54 19 is_stmt 0 view .LVU8
  87 0002 0A48     		ldr	r0, .L9
  88 0004 0A4B     		ldr	r3, .L9+4
  89 0006 0360     		str	r3, [r0]
  55:Core/Src/usart.c ****   huart1.Init.BaudRate = 115200;
  90              		.loc 1 55 3 is_stmt 1 view .LVU9
  91              		.loc 1 55 24 is_stmt 0 view .LVU10
  92 0008 4FF4E133 		mov	r3, #115200
  93 000c 4360     		str	r3, [r0, #4]
  56:Core/Src/usart.c ****   huart1.Init.WordLength = UART_WORDLENGTH_8B;
  94              		.loc 1 56 3 is_stmt 1 view .LVU11
  95              		.loc 1 56 26 is_stmt 0 view .LVU12
  96 000e 0023     		movs	r3, #0
  97 0010 8360     		str	r3, [r0, #8]
  57:Core/Src/usart.c ****   huart1.Init.StopBits = UART_STOPBITS_1;
  98              		.loc 1 57 3 is_stmt 1 view .LVU13
  99              		.loc 1 57 24 is_stmt 0 view .LVU14
 100 0012 C360     		str	r3, [r0, #12]
  58:Core/Src/usart.c ****   huart1.Init.Parity = UART_PARITY_NONE;
 101              		.loc 1 58 3 is_stmt 1 view .LVU15
 102              		.loc 1 58 22 is_stmt 0 view .LVU16
 103 0014 0361     		str	r3, [r0, #16]
  59:Core/Src/usart.c ****   huart1.Init.Mode = UART_MODE_TX_RX;
 104              		.loc 1 59 3 is_stmt 1 view .LVU17
 105              		.loc 1 59 20 is_stmt 0 view .LVU18
 106 0016 0C22     		movs	r2, #12
 107 0018 4261     		str	r2, [r0, #20]
  60:Core/Src/usart.c ****   huart1.Init.HwFlowCtl = UART_HWCONTROL_NONE;
 108              		.loc 1 60 3 is_stmt 1 view .LVU19
 109              		.loc 1 60 25 is_stmt 0 view .LVU20
 110 001a 8361     		str	r3, [r0, #24]
  61:Core/Src/usart.c ****   huart1.Init.OverSampling = UART_OVERSAMPLING_16;
 111              		.loc 1 61 3 is_stmt 1 view .LVU21
 112              		.loc 1 61 28 is_stmt 0 view .LVU22
 113 001c C361     		str	r3, [r0, #28]
ARM GAS  C:\Users\GAOJIE~1\AppData\Local\Temp\ccXslibk.s 			page 4


  62:Core/Src/usart.c ****   if (HAL_UART_Init(&huart1) != HAL_OK)
 114              		.loc 1 62 3 is_stmt 1 view .LVU23
 115              		.loc 1 62 7 is_stmt 0 view .LVU24
 116 001e FFF7FEFF 		bl	HAL_UART_Init
 117              	.LVL3:
 118              		.loc 1 62 6 view .LVU25
 119 0022 00B9     		cbnz	r0, .L8
 120              	.L5:
  63:Core/Src/usart.c ****   {
  64:Core/Src/usart.c ****     Error_Handler();
  65:Core/Src/usart.c ****   }
  66:Core/Src/usart.c ****   /* USER CODE BEGIN USART1_Init 2 */
  67:Core/Src/usart.c **** 
  68:Core/Src/usart.c ****   /* USER CODE END USART1_Init 2 */
  69:Core/Src/usart.c **** 
  70:Core/Src/usart.c **** }
 121              		.loc 1 70 1 view .LVU26
 122 0024 08BD     		pop	{r3, pc}
 123              	.L8:
  64:Core/Src/usart.c ****   }
 124              		.loc 1 64 5 is_stmt 1 view .LVU27
 125 0026 FFF7FEFF 		bl	Error_Handler
 126              	.LVL4:
 127              		.loc 1 70 1 is_stmt 0 view .LVU28
 128 002a FBE7     		b	.L5
 129              	.L10:
 130              		.align	2
 131              	.L9:
 132 002c 00000000 		.word	.LANCHOR0
 133 0030 00100140 		.word	1073811456
 134              		.cfi_endproc
 135              	.LFE135:
 137              		.section	.text.MX_USART2_UART_Init,"ax",%progbits
 138              		.align	1
 139              		.global	MX_USART2_UART_Init
 140              		.syntax unified
 141              		.thumb
 142              		.thumb_func
 144              	MX_USART2_UART_Init:
 145              	.LFB136:
  71:Core/Src/usart.c **** /* USART2 init function */
  72:Core/Src/usart.c **** 
  73:Core/Src/usart.c **** void MX_USART2_UART_Init(void)
  74:Core/Src/usart.c **** {
 146              		.loc 1 74 1 is_stmt 1 view -0
 147              		.cfi_startproc
 148              		@ args = 0, pretend = 0, frame = 0
 149              		@ frame_needed = 0, uses_anonymous_args = 0
 150 0000 08B5     		push	{r3, lr}
 151              	.LCFI4:
 152              		.cfi_def_cfa_offset 8
 153              		.cfi_offset 3, -8
 154              		.cfi_offset 14, -4
  75:Core/Src/usart.c **** 
  76:Core/Src/usart.c ****   /* USER CODE BEGIN USART2_Init 0 */
  77:Core/Src/usart.c **** 
  78:Core/Src/usart.c ****   /* USER CODE END USART2_Init 0 */
ARM GAS  C:\Users\GAOJIE~1\AppData\Local\Temp\ccXslibk.s 			page 5


  79:Core/Src/usart.c **** 
  80:Core/Src/usart.c ****   /* USER CODE BEGIN USART2_Init 1 */
  81:Core/Src/usart.c **** 
  82:Core/Src/usart.c ****   /* USER CODE END USART2_Init 1 */
  83:Core/Src/usart.c ****   huart2.Instance = USART2;
 155              		.loc 1 83 3 view .LVU30
 156              		.loc 1 83 19 is_stmt 0 view .LVU31
 157 0002 0A48     		ldr	r0, .L15
 158 0004 0A4B     		ldr	r3, .L15+4
 159 0006 0360     		str	r3, [r0]
  84:Core/Src/usart.c ****   huart2.Init.BaudRate = 115200;
 160              		.loc 1 84 3 is_stmt 1 view .LVU32
 161              		.loc 1 84 24 is_stmt 0 view .LVU33
 162 0008 4FF4E133 		mov	r3, #115200
 163 000c 4360     		str	r3, [r0, #4]
  85:Core/Src/usart.c ****   huart2.Init.WordLength = UART_WORDLENGTH_8B;
 164              		.loc 1 85 3 is_stmt 1 view .LVU34
 165              		.loc 1 85 26 is_stmt 0 view .LVU35
 166 000e 0023     		movs	r3, #0
 167 0010 8360     		str	r3, [r0, #8]
  86:Core/Src/usart.c ****   huart2.Init.StopBits = UART_STOPBITS_1;
 168              		.loc 1 86 3 is_stmt 1 view .LVU36
 169              		.loc 1 86 24 is_stmt 0 view .LVU37
 170 0012 C360     		str	r3, [r0, #12]
  87:Core/Src/usart.c ****   huart2.Init.Parity = UART_PARITY_NONE;
 171              		.loc 1 87 3 is_stmt 1 view .LVU38
 172              		.loc 1 87 22 is_stmt 0 view .LVU39
 173 0014 0361     		str	r3, [r0, #16]
  88:Core/Src/usart.c ****   huart2.Init.Mode = UART_MODE_TX_RX;
 174              		.loc 1 88 3 is_stmt 1 view .LVU40
 175              		.loc 1 88 20 is_stmt 0 view .LVU41
 176 0016 0C22     		movs	r2, #12
 177 0018 4261     		str	r2, [r0, #20]
  89:Core/Src/usart.c ****   huart2.Init.HwFlowCtl = UART_HWCONTROL_NONE;
 178              		.loc 1 89 3 is_stmt 1 view .LVU42
 179              		.loc 1 89 25 is_stmt 0 view .LVU43
 180 001a 8361     		str	r3, [r0, #24]
  90:Core/Src/usart.c ****   huart2.Init.OverSampling = UART_OVERSAMPLING_16;
 181              		.loc 1 90 3 is_stmt 1 view .LVU44
 182              		.loc 1 90 28 is_stmt 0 view .LVU45
 183 001c C361     		str	r3, [r0, #28]
  91:Core/Src/usart.c ****   if (HAL_UART_Init(&huart2) != HAL_OK)
 184              		.loc 1 91 3 is_stmt 1 view .LVU46
 185              		.loc 1 91 7 is_stmt 0 view .LVU47
 186 001e FFF7FEFF 		bl	HAL_UART_Init
 187              	.LVL5:
 188              		.loc 1 91 6 view .LVU48
 189 0022 00B9     		cbnz	r0, .L14
 190              	.L11:
  92:Core/Src/usart.c ****   {
  93:Core/Src/usart.c ****     Error_Handler();
  94:Core/Src/usart.c ****   }
  95:Core/Src/usart.c ****   /* USER CODE BEGIN USART2_Init 2 */
  96:Core/Src/usart.c **** 
  97:Core/Src/usart.c ****   /* USER CODE END USART2_Init 2 */
  98:Core/Src/usart.c **** 
  99:Core/Src/usart.c **** }
ARM GAS  C:\Users\GAOJIE~1\AppData\Local\Temp\ccXslibk.s 			page 6


 191              		.loc 1 99 1 view .LVU49
 192 0024 08BD     		pop	{r3, pc}
 193              	.L14:
  93:Core/Src/usart.c ****   }
 194              		.loc 1 93 5 is_stmt 1 view .LVU50
 195 0026 FFF7FEFF 		bl	Error_Handler
 196              	.LVL6:
 197              		.loc 1 99 1 is_stmt 0 view .LVU51
 198 002a FBE7     		b	.L11
 199              	.L16:
 200              		.align	2
 201              	.L15:
 202 002c 00000000 		.word	.LANCHOR1
 203 0030 00440040 		.word	1073759232
 204              		.cfi_endproc
 205              	.LFE136:
 207              		.section	.text.HAL_UART_MspInit,"ax",%progbits
 208              		.align	1
 209              		.global	HAL_UART_MspInit
 210              		.syntax unified
 211              		.thumb
 212              		.thumb_func
 214              	HAL_UART_MspInit:
 215              	.LVL7:
 216              	.LFB137:
 100:Core/Src/usart.c **** 
 101:Core/Src/usart.c **** void HAL_UART_MspInit(UART_HandleTypeDef* uartHandle)
 102:Core/Src/usart.c **** {
 217              		.loc 1 102 1 is_stmt 1 view -0
 218              		.cfi_startproc
 219              		@ args = 0, pretend = 0, frame = 40
 220              		@ frame_needed = 0, uses_anonymous_args = 0
 221              		.loc 1 102 1 is_stmt 0 view .LVU53
 222 0000 00B5     		push	{lr}
 223              	.LCFI5:
 224              		.cfi_def_cfa_offset 4
 225              		.cfi_offset 14, -4
 226 0002 8BB0     		sub	sp, sp, #44
 227              	.LCFI6:
 228              		.cfi_def_cfa_offset 48
 103:Core/Src/usart.c **** 
 104:Core/Src/usart.c ****   GPIO_InitTypeDef GPIO_InitStruct = {0};
 229              		.loc 1 104 3 is_stmt 1 view .LVU54
 230              		.loc 1 104 20 is_stmt 0 view .LVU55
 231 0004 0023     		movs	r3, #0
 232 0006 0593     		str	r3, [sp, #20]
 233 0008 0693     		str	r3, [sp, #24]
 234 000a 0793     		str	r3, [sp, #28]
 235 000c 0893     		str	r3, [sp, #32]
 236 000e 0993     		str	r3, [sp, #36]
 105:Core/Src/usart.c ****   if(uartHandle->Instance==USART1)
 237              		.loc 1 105 3 is_stmt 1 view .LVU56
 238              		.loc 1 105 16 is_stmt 0 view .LVU57
 239 0010 0368     		ldr	r3, [r0]
 240              		.loc 1 105 5 view .LVU58
 241 0012 284A     		ldr	r2, .L23
 242 0014 9342     		cmp	r3, r2
ARM GAS  C:\Users\GAOJIE~1\AppData\Local\Temp\ccXslibk.s 			page 7


 243 0016 05D0     		beq	.L21
 106:Core/Src/usart.c ****   {
 107:Core/Src/usart.c ****   /* USER CODE BEGIN USART1_MspInit 0 */
 108:Core/Src/usart.c **** 
 109:Core/Src/usart.c ****   /* USER CODE END USART1_MspInit 0 */
 110:Core/Src/usart.c ****     /* USART1 clock enable */
 111:Core/Src/usart.c ****     __HAL_RCC_USART1_CLK_ENABLE();
 112:Core/Src/usart.c **** 
 113:Core/Src/usart.c ****     __HAL_RCC_GPIOA_CLK_ENABLE();
 114:Core/Src/usart.c ****     /**USART1 GPIO Configuration
 115:Core/Src/usart.c ****     PA9     ------> USART1_TX
 116:Core/Src/usart.c ****     PA10     ------> USART1_RX
 117:Core/Src/usart.c ****     */
 118:Core/Src/usart.c ****     GPIO_InitStruct.Pin = GPIO_PIN_9|GPIO_PIN_10;
 119:Core/Src/usart.c ****     GPIO_InitStruct.Mode = GPIO_MODE_AF_PP;
 120:Core/Src/usart.c ****     GPIO_InitStruct.Pull = GPIO_NOPULL;
 121:Core/Src/usart.c ****     GPIO_InitStruct.Speed = GPIO_SPEED_FREQ_VERY_HIGH;
 122:Core/Src/usart.c ****     GPIO_InitStruct.Alternate = GPIO_AF7_USART1;
 123:Core/Src/usart.c ****     HAL_GPIO_Init(GPIOA, &GPIO_InitStruct);
 124:Core/Src/usart.c **** 
 125:Core/Src/usart.c ****   /* USER CODE BEGIN USART1_MspInit 1 */
 126:Core/Src/usart.c **** 
 127:Core/Src/usart.c ****   /* USER CODE END USART1_MspInit 1 */
 128:Core/Src/usart.c ****   }
 129:Core/Src/usart.c ****   else if(uartHandle->Instance==USART2)
 244              		.loc 1 129 8 is_stmt 1 view .LVU59
 245              		.loc 1 129 10 is_stmt 0 view .LVU60
 246 0018 274A     		ldr	r2, .L23+4
 247 001a 9342     		cmp	r3, r2
 248 001c 26D0     		beq	.L22
 249              	.LVL8:
 250              	.L17:
 130:Core/Src/usart.c ****   {
 131:Core/Src/usart.c ****   /* USER CODE BEGIN USART2_MspInit 0 */
 132:Core/Src/usart.c **** 
 133:Core/Src/usart.c ****   /* USER CODE END USART2_MspInit 0 */
 134:Core/Src/usart.c ****     /* USART2 clock enable */
 135:Core/Src/usart.c ****     __HAL_RCC_USART2_CLK_ENABLE();
 136:Core/Src/usart.c **** 
 137:Core/Src/usart.c ****     __HAL_RCC_GPIOA_CLK_ENABLE();
 138:Core/Src/usart.c ****     /**USART2 GPIO Configuration
 139:Core/Src/usart.c ****     PA2     ------> USART2_TX
 140:Core/Src/usart.c ****     PA3     ------> USART2_RX
 141:Core/Src/usart.c ****     */
 142:Core/Src/usart.c ****     GPIO_InitStruct.Pin = GPIO_PIN_2|GPIO_PIN_3;
 143:Core/Src/usart.c ****     GPIO_InitStruct.Mode = GPIO_MODE_AF_PP;
 144:Core/Src/usart.c ****     GPIO_InitStruct.Pull = GPIO_NOPULL;
 145:Core/Src/usart.c ****     GPIO_InitStruct.Speed = GPIO_SPEED_FREQ_VERY_HIGH;
 146:Core/Src/usart.c ****     GPIO_InitStruct.Alternate = GPIO_AF7_USART2;
 147:Core/Src/usart.c ****     HAL_GPIO_Init(GPIOA, &GPIO_InitStruct);
 148:Core/Src/usart.c **** 
 149:Core/Src/usart.c ****   /* USER CODE BEGIN USART2_MspInit 1 */
 150:Core/Src/usart.c **** 
 151:Core/Src/usart.c ****   /* USER CODE END USART2_MspInit 1 */
 152:Core/Src/usart.c ****   }
 153:Core/Src/usart.c **** }
 251              		.loc 1 153 1 view .LVU61
ARM GAS  C:\Users\GAOJIE~1\AppData\Local\Temp\ccXslibk.s 			page 8


 252 001e 0BB0     		add	sp, sp, #44
 253              	.LCFI7:
 254              		.cfi_remember_state
 255              		.cfi_def_cfa_offset 4
 256              		@ sp needed
 257 0020 5DF804FB 		ldr	pc, [sp], #4
 258              	.LVL9:
 259              	.L21:
 260              	.LCFI8:
 261              		.cfi_restore_state
 111:Core/Src/usart.c **** 
 262              		.loc 1 111 5 is_stmt 1 view .LVU62
 263              	.LBB2:
 111:Core/Src/usart.c **** 
 264              		.loc 1 111 5 view .LVU63
 265 0024 0021     		movs	r1, #0
 266 0026 0191     		str	r1, [sp, #4]
 111:Core/Src/usart.c **** 
 267              		.loc 1 111 5 view .LVU64
 268 0028 244B     		ldr	r3, .L23+8
 269 002a 5A6C     		ldr	r2, [r3, #68]
 270 002c 42F01002 		orr	r2, r2, #16
 271 0030 5A64     		str	r2, [r3, #68]
 111:Core/Src/usart.c **** 
 272              		.loc 1 111 5 view .LVU65
 273 0032 5A6C     		ldr	r2, [r3, #68]
 274 0034 02F01002 		and	r2, r2, #16
 275 0038 0192     		str	r2, [sp, #4]
 111:Core/Src/usart.c **** 
 276              		.loc 1 111 5 view .LVU66
 277 003a 019A     		ldr	r2, [sp, #4]
 278              	.LBE2:
 111:Core/Src/usart.c **** 
 279              		.loc 1 111 5 view .LVU67
 113:Core/Src/usart.c ****     /**USART1 GPIO Configuration
 280              		.loc 1 113 5 view .LVU68
 281              	.LBB3:
 113:Core/Src/usart.c ****     /**USART1 GPIO Configuration
 282              		.loc 1 113 5 view .LVU69
 283 003c 0291     		str	r1, [sp, #8]
 113:Core/Src/usart.c ****     /**USART1 GPIO Configuration
 284              		.loc 1 113 5 view .LVU70
 285 003e 1A6B     		ldr	r2, [r3, #48]
 286 0040 42F00102 		orr	r2, r2, #1
 287 0044 1A63     		str	r2, [r3, #48]
 113:Core/Src/usart.c ****     /**USART1 GPIO Configuration
 288              		.loc 1 113 5 view .LVU71
 289 0046 1B6B     		ldr	r3, [r3, #48]
 290 0048 03F00103 		and	r3, r3, #1
 291 004c 0293     		str	r3, [sp, #8]
 113:Core/Src/usart.c ****     /**USART1 GPIO Configuration
 292              		.loc 1 113 5 view .LVU72
 293 004e 029B     		ldr	r3, [sp, #8]
 294              	.LBE3:
 113:Core/Src/usart.c ****     /**USART1 GPIO Configuration
 295              		.loc 1 113 5 view .LVU73
 118:Core/Src/usart.c ****     GPIO_InitStruct.Mode = GPIO_MODE_AF_PP;
ARM GAS  C:\Users\GAOJIE~1\AppData\Local\Temp\ccXslibk.s 			page 9


 296              		.loc 1 118 5 view .LVU74
 118:Core/Src/usart.c ****     GPIO_InitStruct.Mode = GPIO_MODE_AF_PP;
 297              		.loc 1 118 25 is_stmt 0 view .LVU75
 298 0050 4FF4C063 		mov	r3, #1536
 299 0054 0593     		str	r3, [sp, #20]
 119:Core/Src/usart.c ****     GPIO_InitStruct.Pull = GPIO_NOPULL;
 300              		.loc 1 119 5 is_stmt 1 view .LVU76
 119:Core/Src/usart.c ****     GPIO_InitStruct.Pull = GPIO_NOPULL;
 301              		.loc 1 119 26 is_stmt 0 view .LVU77
 302 0056 0223     		movs	r3, #2
 303 0058 0693     		str	r3, [sp, #24]
 120:Core/Src/usart.c ****     GPIO_InitStruct.Speed = GPIO_SPEED_FREQ_VERY_HIGH;
 304              		.loc 1 120 5 is_stmt 1 view .LVU78
 121:Core/Src/usart.c ****     GPIO_InitStruct.Alternate = GPIO_AF7_USART1;
 305              		.loc 1 121 5 view .LVU79
 121:Core/Src/usart.c ****     GPIO_InitStruct.Alternate = GPIO_AF7_USART1;
 306              		.loc 1 121 27 is_stmt 0 view .LVU80
 307 005a 0323     		movs	r3, #3
 308 005c 0893     		str	r3, [sp, #32]
 122:Core/Src/usart.c ****     HAL_GPIO_Init(GPIOA, &GPIO_InitStruct);
 309              		.loc 1 122 5 is_stmt 1 view .LVU81
 122:Core/Src/usart.c ****     HAL_GPIO_Init(GPIOA, &GPIO_InitStruct);
 310              		.loc 1 122 31 is_stmt 0 view .LVU82
 311 005e 0723     		movs	r3, #7
 312 0060 0993     		str	r3, [sp, #36]
 123:Core/Src/usart.c **** 
 313              		.loc 1 123 5 is_stmt 1 view .LVU83
 314 0062 05A9     		add	r1, sp, #20
 315 0064 1648     		ldr	r0, .L23+12
 316              	.LVL10:
 123:Core/Src/usart.c **** 
 317              		.loc 1 123 5 is_stmt 0 view .LVU84
 318 0066 FFF7FEFF 		bl	HAL_GPIO_Init
 319              	.LVL11:
 320 006a D8E7     		b	.L17
 321              	.LVL12:
 322              	.L22:
 135:Core/Src/usart.c **** 
 323              		.loc 1 135 5 is_stmt 1 view .LVU85
 324              	.LBB4:
 135:Core/Src/usart.c **** 
 325              		.loc 1 135 5 view .LVU86
 326 006c 0021     		movs	r1, #0
 327 006e 0391     		str	r1, [sp, #12]
 135:Core/Src/usart.c **** 
 328              		.loc 1 135 5 view .LVU87
 329 0070 124B     		ldr	r3, .L23+8
 330 0072 1A6C     		ldr	r2, [r3, #64]
 331 0074 42F40032 		orr	r2, r2, #131072
 332 0078 1A64     		str	r2, [r3, #64]
 135:Core/Src/usart.c **** 
 333              		.loc 1 135 5 view .LVU88
 334 007a 1A6C     		ldr	r2, [r3, #64]
 335 007c 02F40032 		and	r2, r2, #131072
 336 0080 0392     		str	r2, [sp, #12]
 135:Core/Src/usart.c **** 
 337              		.loc 1 135 5 view .LVU89
ARM GAS  C:\Users\GAOJIE~1\AppData\Local\Temp\ccXslibk.s 			page 10


 338 0082 039A     		ldr	r2, [sp, #12]
 339              	.LBE4:
 135:Core/Src/usart.c **** 
 340              		.loc 1 135 5 view .LVU90
 137:Core/Src/usart.c ****     /**USART2 GPIO Configuration
 341              		.loc 1 137 5 view .LVU91
 342              	.LBB5:
 137:Core/Src/usart.c ****     /**USART2 GPIO Configuration
 343              		.loc 1 137 5 view .LVU92
 344 0084 0491     		str	r1, [sp, #16]
 137:Core/Src/usart.c ****     /**USART2 GPIO Configuration
 345              		.loc 1 137 5 view .LVU93
 346 0086 1A6B     		ldr	r2, [r3, #48]
 347 0088 42F00102 		orr	r2, r2, #1
 348 008c 1A63     		str	r2, [r3, #48]
 137:Core/Src/usart.c ****     /**USART2 GPIO Configuration
 349              		.loc 1 137 5 view .LVU94
 350 008e 1B6B     		ldr	r3, [r3, #48]
 351 0090 03F00103 		and	r3, r3, #1
 352 0094 0493     		str	r3, [sp, #16]
 137:Core/Src/usart.c ****     /**USART2 GPIO Configuration
 353              		.loc 1 137 5 view .LVU95
 354 0096 049B     		ldr	r3, [sp, #16]
 355              	.LBE5:
 137:Core/Src/usart.c ****     /**USART2 GPIO Configuration
 356              		.loc 1 137 5 view .LVU96
 142:Core/Src/usart.c ****     GPIO_InitStruct.Mode = GPIO_MODE_AF_PP;
 357              		.loc 1 142 5 view .LVU97
 142:Core/Src/usart.c ****     GPIO_InitStruct.Mode = GPIO_MODE_AF_PP;
 358              		.loc 1 142 25 is_stmt 0 view .LVU98
 359 0098 0C23     		movs	r3, #12
 360 009a 0593     		str	r3, [sp, #20]
 143:Core/Src/usart.c ****     GPIO_InitStruct.Pull = GPIO_NOPULL;
 361              		.loc 1 143 5 is_stmt 1 view .LVU99
 143:Core/Src/usart.c ****     GPIO_InitStruct.Pull = GPIO_NOPULL;
 362              		.loc 1 143 26 is_stmt 0 view .LVU100
 363 009c 0223     		movs	r3, #2
 364 009e 0693     		str	r3, [sp, #24]
 144:Core/Src/usart.c ****     GPIO_InitStruct.Speed = GPIO_SPEED_FREQ_VERY_HIGH;
 365              		.loc 1 144 5 is_stmt 1 view .LVU101
 145:Core/Src/usart.c ****     GPIO_InitStruct.Alternate = GPIO_AF7_USART2;
 366              		.loc 1 145 5 view .LVU102
 145:Core/Src/usart.c ****     GPIO_InitStruct.Alternate = GPIO_AF7_USART2;
 367              		.loc 1 145 27 is_stmt 0 view .LVU103
 368 00a0 0323     		movs	r3, #3
 369 00a2 0893     		str	r3, [sp, #32]
 146:Core/Src/usart.c ****     HAL_GPIO_Init(GPIOA, &GPIO_InitStruct);
 370              		.loc 1 146 5 is_stmt 1 view .LVU104
 146:Core/Src/usart.c ****     HAL_GPIO_Init(GPIOA, &GPIO_InitStruct);
 371              		.loc 1 146 31 is_stmt 0 view .LVU105
 372 00a4 0723     		movs	r3, #7
 373 00a6 0993     		str	r3, [sp, #36]
 147:Core/Src/usart.c **** 
 374              		.loc 1 147 5 is_stmt 1 view .LVU106
 375 00a8 05A9     		add	r1, sp, #20
 376 00aa 0548     		ldr	r0, .L23+12
 377              	.LVL13:
ARM GAS  C:\Users\GAOJIE~1\AppData\Local\Temp\ccXslibk.s 			page 11


 147:Core/Src/usart.c **** 
 378              		.loc 1 147 5 is_stmt 0 view .LVU107
 379 00ac FFF7FEFF 		bl	HAL_GPIO_Init
 380              	.LVL14:
 381              		.loc 1 153 1 view .LVU108
 382 00b0 B5E7     		b	.L17
 383              	.L24:
 384 00b2 00BF     		.align	2
 385              	.L23:
 386 00b4 00100140 		.word	1073811456
 387 00b8 00440040 		.word	1073759232
 388 00bc 00380240 		.word	1073887232
 389 00c0 00000240 		.word	1073872896
 390              		.cfi_endproc
 391              	.LFE137:
 393              		.section	.text.HAL_UART_MspDeInit,"ax",%progbits
 394              		.align	1
 395              		.global	HAL_UART_MspDeInit
 396              		.syntax unified
 397              		.thumb
 398              		.thumb_func
 400              	HAL_UART_MspDeInit:
 401              	.LVL15:
 402              	.LFB138:
 154:Core/Src/usart.c **** 
 155:Core/Src/usart.c **** void HAL_UART_MspDeInit(UART_HandleTypeDef* uartHandle)
 156:Core/Src/usart.c **** {
 403              		.loc 1 156 1 is_stmt 1 view -0
 404              		.cfi_startproc
 405              		@ args = 0, pretend = 0, frame = 0
 406              		@ frame_needed = 0, uses_anonymous_args = 0
 407              		.loc 1 156 1 is_stmt 0 view .LVU110
 408 0000 08B5     		push	{r3, lr}
 409              	.LCFI9:
 410              		.cfi_def_cfa_offset 8
 411              		.cfi_offset 3, -8
 412              		.cfi_offset 14, -4
 157:Core/Src/usart.c **** 
 158:Core/Src/usart.c ****   if(uartHandle->Instance==USART1)
 413              		.loc 1 158 3 is_stmt 1 view .LVU111
 414              		.loc 1 158 16 is_stmt 0 view .LVU112
 415 0002 0368     		ldr	r3, [r0]
 416              		.loc 1 158 5 view .LVU113
 417 0004 0E4A     		ldr	r2, .L31
 418 0006 9342     		cmp	r3, r2
 419 0008 03D0     		beq	.L29
 159:Core/Src/usart.c ****   {
 160:Core/Src/usart.c ****   /* USER CODE BEGIN USART1_MspDeInit 0 */
 161:Core/Src/usart.c **** 
 162:Core/Src/usart.c ****   /* USER CODE END USART1_MspDeInit 0 */
 163:Core/Src/usart.c ****     /* Peripheral clock disable */
 164:Core/Src/usart.c ****     __HAL_RCC_USART1_CLK_DISABLE();
 165:Core/Src/usart.c **** 
 166:Core/Src/usart.c ****     /**USART1 GPIO Configuration
 167:Core/Src/usart.c ****     PA9     ------> USART1_TX
 168:Core/Src/usart.c ****     PA10     ------> USART1_RX
 169:Core/Src/usart.c ****     */
ARM GAS  C:\Users\GAOJIE~1\AppData\Local\Temp\ccXslibk.s 			page 12


 170:Core/Src/usart.c ****     HAL_GPIO_DeInit(GPIOA, GPIO_PIN_9|GPIO_PIN_10);
 171:Core/Src/usart.c **** 
 172:Core/Src/usart.c ****   /* USER CODE BEGIN USART1_MspDeInit 1 */
 173:Core/Src/usart.c **** 
 174:Core/Src/usart.c ****   /* USER CODE END USART1_MspDeInit 1 */
 175:Core/Src/usart.c ****   }
 176:Core/Src/usart.c ****   else if(uartHandle->Instance==USART2)
 420              		.loc 1 176 8 is_stmt 1 view .LVU114
 421              		.loc 1 176 10 is_stmt 0 view .LVU115
 422 000a 0E4A     		ldr	r2, .L31+4
 423 000c 9342     		cmp	r3, r2
 424 000e 0CD0     		beq	.L30
 425              	.LVL16:
 426              	.L25:
 177:Core/Src/usart.c ****   {
 178:Core/Src/usart.c ****   /* USER CODE BEGIN USART2_MspDeInit 0 */
 179:Core/Src/usart.c **** 
 180:Core/Src/usart.c ****   /* USER CODE END USART2_MspDeInit 0 */
 181:Core/Src/usart.c ****     /* Peripheral clock disable */
 182:Core/Src/usart.c ****     __HAL_RCC_USART2_CLK_DISABLE();
 183:Core/Src/usart.c **** 
 184:Core/Src/usart.c ****     /**USART2 GPIO Configuration
 185:Core/Src/usart.c ****     PA2     ------> USART2_TX
 186:Core/Src/usart.c ****     PA3     ------> USART2_RX
 187:Core/Src/usart.c ****     */
 188:Core/Src/usart.c ****     HAL_GPIO_DeInit(GPIOA, GPIO_PIN_2|GPIO_PIN_3);
 189:Core/Src/usart.c **** 
 190:Core/Src/usart.c ****   /* USER CODE BEGIN USART2_MspDeInit 1 */
 191:Core/Src/usart.c **** 
 192:Core/Src/usart.c ****   /* USER CODE END USART2_MspDeInit 1 */
 193:Core/Src/usart.c ****   }
 194:Core/Src/usart.c **** }
 427              		.loc 1 194 1 view .LVU116
 428 0010 08BD     		pop	{r3, pc}
 429              	.LVL17:
 430              	.L29:
 164:Core/Src/usart.c **** 
 431              		.loc 1 164 5 is_stmt 1 view .LVU117
 432 0012 02F59432 		add	r2, r2, #75776
 433 0016 536C     		ldr	r3, [r2, #68]
 434 0018 23F01003 		bic	r3, r3, #16
 435 001c 5364     		str	r3, [r2, #68]
 170:Core/Src/usart.c **** 
 436              		.loc 1 170 5 view .LVU118
 437 001e 4FF4C061 		mov	r1, #1536
 438 0022 0948     		ldr	r0, .L31+8
 439              	.LVL18:
 170:Core/Src/usart.c **** 
 440              		.loc 1 170 5 is_stmt 0 view .LVU119
 441 0024 FFF7FEFF 		bl	HAL_GPIO_DeInit
 442              	.LVL19:
 443 0028 F2E7     		b	.L25
 444              	.LVL20:
 445              	.L30:
 182:Core/Src/usart.c **** 
 446              		.loc 1 182 5 is_stmt 1 view .LVU120
 447 002a 02F5FA32 		add	r2, r2, #128000
ARM GAS  C:\Users\GAOJIE~1\AppData\Local\Temp\ccXslibk.s 			page 13


 448 002e 136C     		ldr	r3, [r2, #64]
 449 0030 23F40033 		bic	r3, r3, #131072
 450 0034 1364     		str	r3, [r2, #64]
 188:Core/Src/usart.c **** 
 451              		.loc 1 188 5 view .LVU121
 452 0036 0C21     		movs	r1, #12
 453 0038 0348     		ldr	r0, .L31+8
 454              	.LVL21:
 188:Core/Src/usart.c **** 
 455              		.loc 1 188 5 is_stmt 0 view .LVU122
 456 003a FFF7FEFF 		bl	HAL_GPIO_DeInit
 457              	.LVL22:
 458              		.loc 1 194 1 view .LVU123
 459 003e E7E7     		b	.L25
 460              	.L32:
 461              		.align	2
 462              	.L31:
 463 0040 00100140 		.word	1073811456
 464 0044 00440040 		.word	1073759232
 465 0048 00000240 		.word	1073872896
 466              		.cfi_endproc
 467              	.LFE138:
 469              		.section	.text._write,"ax",%progbits
 470              		.align	1
 471              		.global	_write
 472              		.syntax unified
 473              		.thumb
 474              		.thumb_func
 476              	_write:
 477              	.LVL23:
 478              	.LFB139:
 195:Core/Src/usart.c **** 
 196:Core/Src/usart.c **** /* USER CODE BEGIN 1 */
 197:Core/Src/usart.c **** #if defined(__GNUC__)
 198:Core/Src/usart.c **** int _write(int fd, char * ptr, int len)
 199:Core/Src/usart.c **** {
 479              		.loc 1 199 1 is_stmt 1 view -0
 480              		.cfi_startproc
 481              		@ args = 0, pretend = 0, frame = 0
 482              		@ frame_needed = 0, uses_anonymous_args = 0
 483              		.loc 1 199 1 is_stmt 0 view .LVU125
 484 0000 10B5     		push	{r4, lr}
 485              	.LCFI10:
 486              		.cfi_def_cfa_offset 8
 487              		.cfi_offset 4, -8
 488              		.cfi_offset 14, -4
 489 0002 1446     		mov	r4, r2
 200:Core/Src/usart.c ****     HAL_UART_Transmit(&huart1, (uint8_t *) ptr, len, HAL_MAX_DELAY);
 490              		.loc 1 200 5 is_stmt 1 view .LVU126
 491 0004 4FF0FF33 		mov	r3, #-1
 492 0008 92B2     		uxth	r2, r2
 493              	.LVL24:
 494              		.loc 1 200 5 is_stmt 0 view .LVU127
 495 000a 0248     		ldr	r0, .L35
 496              	.LVL25:
 497              		.loc 1 200 5 view .LVU128
 498 000c FFF7FEFF 		bl	HAL_UART_Transmit
ARM GAS  C:\Users\GAOJIE~1\AppData\Local\Temp\ccXslibk.s 			page 14


 499              	.LVL26:
 201:Core/Src/usart.c ****     return len;
 500              		.loc 1 201 5 is_stmt 1 view .LVU129
 202:Core/Src/usart.c **** }
 501              		.loc 1 202 1 is_stmt 0 view .LVU130
 502 0010 2046     		mov	r0, r4
 503 0012 10BD     		pop	{r4, pc}
 504              	.LVL27:
 505              	.L36:
 506              		.loc 1 202 1 view .LVU131
 507              		.align	2
 508              	.L35:
 509 0014 00000000 		.word	.LANCHOR0
 510              		.cfi_endproc
 511              	.LFE139:
 513              		.global	huart2
 514              		.global	huart1
 515              		.section	.bss.huart1,"aw",%nobits
 516              		.align	2
 517              		.set	.LANCHOR0,. + 0
 520              	huart1:
 521 0000 00000000 		.space	72
 521      00000000 
 521      00000000 
 521      00000000 
 521      00000000 
 522              		.section	.bss.huart2,"aw",%nobits
 523              		.align	2
 524              		.set	.LANCHOR1,. + 0
 527              	huart2:
 528 0000 00000000 		.space	72
 528      00000000 
 528      00000000 
 528      00000000 
 528      00000000 
 529              		.text
 530              	.Letext0:
 531              		.file 2 "d:\\gcc-arm-none-eabi\\arm-none-eabi\\include\\machine\\_default_types.h"
 532              		.file 3 "d:\\gcc-arm-none-eabi\\arm-none-eabi\\include\\sys\\_stdint.h"
 533              		.file 4 "Drivers/CMSIS/Device/ST/STM32F4xx/Include/stm32f401xc.h"
 534              		.file 5 "Drivers/STM32F4xx_HAL_Driver/Inc/stm32f4xx_hal_def.h"
 535              		.file 6 "Drivers/STM32F4xx_HAL_Driver/Inc/stm32f4xx_hal_gpio.h"
 536              		.file 7 "Drivers/STM32F4xx_HAL_Driver/Inc/stm32f4xx_hal_dma.h"
 537              		.file 8 "Drivers/STM32F4xx_HAL_Driver/Inc/stm32f4xx_hal_uart.h"
 538              		.file 9 "Core/Inc/usart.h"
 539              		.file 10 "Core/Inc/main.h"
ARM GAS  C:\Users\GAOJIE~1\AppData\Local\Temp\ccXslibk.s 			page 15


DEFINED SYMBOLS
                            *ABS*:00000000 usart.c
C:\Users\GAOJIE~1\AppData\Local\Temp\ccXslibk.s:20     .text.__io_putchar:00000000 $t
C:\Users\GAOJIE~1\AppData\Local\Temp\ccXslibk.s:26     .text.__io_putchar:00000000 __io_putchar
C:\Users\GAOJIE~1\AppData\Local\Temp\ccXslibk.s:63     .text.__io_putchar:0000001c $d
C:\Users\GAOJIE~1\AppData\Local\Temp\ccXslibk.s:68     .text.MX_USART1_UART_Init:00000000 $t
C:\Users\GAOJIE~1\AppData\Local\Temp\ccXslibk.s:74     .text.MX_USART1_UART_Init:00000000 MX_USART1_UART_Init
C:\Users\GAOJIE~1\AppData\Local\Temp\ccXslibk.s:132    .text.MX_USART1_UART_Init:0000002c $d
C:\Users\GAOJIE~1\AppData\Local\Temp\ccXslibk.s:138    .text.MX_USART2_UART_Init:00000000 $t
C:\Users\GAOJIE~1\AppData\Local\Temp\ccXslibk.s:144    .text.MX_USART2_UART_Init:00000000 MX_USART2_UART_Init
C:\Users\GAOJIE~1\AppData\Local\Temp\ccXslibk.s:202    .text.MX_USART2_UART_Init:0000002c $d
C:\Users\GAOJIE~1\AppData\Local\Temp\ccXslibk.s:208    .text.HAL_UART_MspInit:00000000 $t
C:\Users\GAOJIE~1\AppData\Local\Temp\ccXslibk.s:214    .text.HAL_UART_MspInit:00000000 HAL_UART_MspInit
C:\Users\GAOJIE~1\AppData\Local\Temp\ccXslibk.s:386    .text.HAL_UART_MspInit:000000b4 $d
C:\Users\GAOJIE~1\AppData\Local\Temp\ccXslibk.s:394    .text.HAL_UART_MspDeInit:00000000 $t
C:\Users\GAOJIE~1\AppData\Local\Temp\ccXslibk.s:400    .text.HAL_UART_MspDeInit:00000000 HAL_UART_MspDeInit
C:\Users\GAOJIE~1\AppData\Local\Temp\ccXslibk.s:463    .text.HAL_UART_MspDeInit:00000040 $d
C:\Users\GAOJIE~1\AppData\Local\Temp\ccXslibk.s:470    .text._write:00000000 $t
C:\Users\GAOJIE~1\AppData\Local\Temp\ccXslibk.s:476    .text._write:00000000 _write
C:\Users\GAOJIE~1\AppData\Local\Temp\ccXslibk.s:509    .text._write:00000014 $d
C:\Users\GAOJIE~1\AppData\Local\Temp\ccXslibk.s:527    .bss.huart2:00000000 huart2
C:\Users\GAOJIE~1\AppData\Local\Temp\ccXslibk.s:520    .bss.huart1:00000000 huart1
C:\Users\GAOJIE~1\AppData\Local\Temp\ccXslibk.s:516    .bss.huart1:00000000 $d
C:\Users\GAOJIE~1\AppData\Local\Temp\ccXslibk.s:523    .bss.huart2:00000000 $d

UNDEFINED SYMBOLS
HAL_UART_Transmit
HAL_UART_Init
Error_Handler
HAL_GPIO_Init
HAL_GPIO_DeInit
